Dec 17, 2015 10:47:43 AM org.apache.catalina.startup.VersionLoggerListener log
INFO: Server version:        Apache Tomcat/7.0.67
Dec 17, 2015 10:47:43 AM org.apache.catalina.startup.VersionLoggerListener log
INFO: Server built:          Dec 7 2015 13:07:11 UTC
Dec 17, 2015 10:47:43 AM org.apache.catalina.startup.VersionLoggerListener log
INFO: Server number:         7.0.67.0
Dec 17, 2015 10:47:43 AM org.apache.catalina.startup.VersionLoggerListener log
INFO: OS Name:               Windows 7
Dec 17, 2015 10:47:43 AM org.apache.catalina.startup.VersionLoggerListener log
INFO: OS Version:            6.1
Dec 17, 2015 10:47:43 AM org.apache.catalina.startup.VersionLoggerListener log
INFO: Architecture:          amd64
Dec 17, 2015 10:47:43 AM org.apache.catalina.startup.VersionLoggerListener log
INFO: Java Home:             C:\Program Files\Java\jdk1.8.0_51\jre
Dec 17, 2015 10:47:43 AM org.apache.catalina.startup.VersionLoggerListener log
INFO: JVM Version:           1.8.0_51-b16
Dec 17, 2015 10:47:43 AM org.apache.catalina.startup.VersionLoggerListener log
INFO: JVM Vendor:            Oracle Corporation
Dec 17, 2015 10:47:43 AM org.apache.catalina.startup.VersionLoggerListener log
INFO: CATALINA_BASE:         E:\Ajit\MMM\apache-tomcat-7.0.67
Dec 17, 2015 10:47:43 AM org.apache.catalina.startup.VersionLoggerListener log
INFO: CATALINA_HOME:         E:\Ajit\MMM\apache-tomcat-7.0.67
Dec 17, 2015 10:47:43 AM org.apache.catalina.startup.VersionLoggerListener log
INFO: Command line argument: -Djava.util.logging.config.file=E:\Ajit\MMM\apache-tomcat-7.0.67\conf\logging.properties
Dec 17, 2015 10:47:43 AM org.apache.catalina.startup.VersionLoggerListener log
INFO: Command line argument: -Djava.util.logging.manager=org.apache.juli.ClassLoaderLogManager
Dec 17, 2015 10:47:43 AM org.apache.catalina.startup.VersionLoggerListener log
INFO: Command line argument: -Djava.endorsed.dirs=E:\Ajit\MMM\apache-tomcat-7.0.67\endorsed
Dec 17, 2015 10:47:43 AM org.apache.catalina.startup.VersionLoggerListener log
INFO: Command line argument: -Dcatalina.base=E:\Ajit\MMM\apache-tomcat-7.0.67
Dec 17, 2015 10:47:43 AM org.apache.catalina.startup.VersionLoggerListener log
INFO: Command line argument: -Dcatalina.home=E:\Ajit\MMM\apache-tomcat-7.0.67
Dec 17, 2015 10:47:43 AM org.apache.catalina.startup.VersionLoggerListener log
INFO: Command line argument: -Djava.io.tmpdir=E:\Ajit\MMM\apache-tomcat-7.0.67\temp
Dec 17, 2015 10:47:43 AM org.apache.catalina.core.AprLifecycleListener lifecycleEvent
INFO: Loaded APR based Apache Tomcat Native library 1.1.33 using APR version 1.5.1.
Dec 17, 2015 10:47:43 AM org.apache.catalina.core.AprLifecycleListener lifecycleEvent
INFO: APR capabilities: IPv6 [true], sendfile [true], accept filters [false], random [true].
Dec 17, 2015 10:47:44 AM org.apache.catalina.core.AprLifecycleListener initializeSSL
INFO: OpenSSL successfully initialized (OpenSSL 1.0.1m 19 Mar 2015)
Dec 17, 2015 10:47:46 AM org.apache.coyote.AbstractProtocol init
INFO: Initializing ProtocolHandler ["http-apr-8080"]
Dec 17, 2015 10:47:46 AM org.apache.coyote.AbstractProtocol init
SEVERE: Failed to initialize end point associated with ProtocolHandler ["http-apr-8080"]
java.lang.Exception: Socket bind failed: [730013] An attempt was made to access a socket in a way forbidden by its access permissions.  
	at org.apache.tomcat.util.net.AprEndpoint.bind(AprEndpoint.java:470)
	at org.apache.tomcat.util.net.AbstractEndpoint.init(AbstractEndpoint.java:650)
	at org.apache.coyote.AbstractProtocol.init(AbstractProtocol.java:434)
	at org.apache.catalina.connector.Connector.initInternal(Connector.java:978)
	at org.apache.catalina.util.LifecycleBase.init(LifecycleBase.java:102)
	at org.apache.catalina.core.StandardService.initInternal(StandardService.java:559)
	at org.apache.catalina.util.LifecycleBase.init(LifecycleBase.java:102)
	at org.apache.catalina.core.StandardServer.initInternal(StandardServer.java:821)
	at org.apache.catalina.util.LifecycleBase.init(LifecycleBase.java:102)
	at org.apache.catalina.startup.Catalina.load(Catalina.java:642)
	at org.apache.catalina.startup.Catalina.load(Catalina.java:667)
	at sun.reflect.NativeMethodAccessorImpl.invoke0(Native Method)
	at sun.reflect.NativeMethodAccessorImpl.invoke(NativeMethodAccessorImpl.java:62)
	at sun.reflect.DelegatingMethodAccessorImpl.invoke(DelegatingMethodAccessorImpl.java:43)
	at java.lang.reflect.Method.invoke(Method.java:497)
	at org.apache.catalina.startup.Bootstrap.load(Bootstrap.java:253)
	at org.apache.catalina.startup.Bootstrap.main(Bootstrap.java:427)

Dec 17, 2015 10:47:46 AM org.apache.catalina.core.StandardService initInternal
SEVERE: Failed to initialize connector [Connector[HTTP/1.1-8080]]
org.apache.catalina.LifecycleException: Failed to initialize component [Connector[HTTP/1.1-8080]]
	at org.apache.catalina.util.LifecycleBase.init(LifecycleBase.java:106)
	at org.apache.catalina.core.StandardService.initInternal(StandardService.java:559)
	at org.apache.catalina.util.LifecycleBase.init(LifecycleBase.java:102)
	at org.apache.catalina.core.StandardServer.initInternal(StandardServer.java:821)
	at org.apache.catalina.util.LifecycleBase.init(LifecycleBase.java:102)
	at org.apache.catalina.startup.Catalina.load(Catalina.java:642)
	at org.apache.catalina.startup.Catalina.load(Catalina.java:667)
	at sun.reflect.NativeMethodAccessorImpl.invoke0(Native Method)
	at sun.reflect.NativeMethodAccessorImpl.invoke(NativeMethodAccessorImpl.java:62)
	at sun.reflect.DelegatingMethodAccessorImpl.invoke(DelegatingMethodAccessorImpl.java:43)
	at java.lang.reflect.Method.invoke(Method.java:497)
	at org.apache.catalina.startup.Bootstrap.load(Bootstrap.java:253)
	at org.apache.catalina.startup.Bootstrap.main(Bootstrap.java:427)
Caused by: org.apache.catalina.LifecycleException: Protocol handler initialization failed
	at org.apache.catalina.connector.Connector.initInternal(Connector.java:980)
	at org.apache.catalina.util.LifecycleBase.init(LifecycleBase.java:102)
	... 12 more
Caused by: java.lang.Exception: Socket bind failed: [730013] An attempt was made to access a socket in a way forbidden by its access permissions.  
	at org.apache.tomcat.util.net.AprEndpoint.bind(AprEndpoint.java:470)
	at org.apache.tomcat.util.net.AbstractEndpoint.init(AbstractEndpoint.java:650)
	at org.apache.coyote.AbstractProtocol.init(AbstractProtocol.java:434)
	at org.apache.catalina.connector.Connector.initInternal(Connector.java:978)
	... 13 more

Dec 17, 2015 10:47:46 AM org.apache.coyote.AbstractProtocol init
INFO: Initializing ProtocolHandler ["ajp-apr-8009"]
Dec 17, 2015 10:47:46 AM org.apache.catalina.startup.Catalina load
INFO: Initialization processed in 3869 ms
Dec 17, 2015 10:47:46 AM org.apache.catalina.core.StandardService startInternal
INFO: Starting service Catalina
Dec 17, 2015 10:47:46 AM org.apache.catalina.core.StandardEngine startInternal
INFO: Starting Servlet Engine: Apache Tomcat/7.0.67
Dec 17, 2015 10:47:46 AM org.apache.catalina.startup.HostConfig deployWAR
INFO: Deploying web application archive E:\Ajit\MMM\apache-tomcat-7.0.67\webapps\gswm-web.war
Dec 17, 2015 10:47:47 AM org.apache.catalina.util.SessionIdGeneratorBase createSecureRandom
INFO: Creation of SecureRandom instance for session ID generation using [SHA1PRNG] took [185] milliseconds.
Dec 17, 2015 10:47:47 AM org.apache.catalina.startup.HostConfig deployWAR
INFO: Deployment of web application archive E:\Ajit\MMM\apache-tomcat-7.0.67\webapps\gswm-web.war has finished in 1,131 ms
Dec 17, 2015 10:47:47 AM org.apache.catalina.startup.HostConfig deployWAR
INFO: Deploying web application archive E:\Ajit\MMM\apache-tomcat-7.0.67\webapps\newone.war
Dec 17, 2015 10:47:47 AM org.apache.catalina.startup.HostConfig deployWAR
INFO: Deployment of web application archive E:\Ajit\MMM\apache-tomcat-7.0.67\webapps\newone.war has finished in 175 ms
Dec 17, 2015 10:47:47 AM org.apache.catalina.startup.HostConfig deployWAR
INFO: Deploying web application archive E:\Ajit\MMM\apache-tomcat-7.0.67\webapps\samplewebsite-3.0.war
Dec 17, 2015 10:47:47 AM org.apache.catalina.startup.HostConfig deployWAR
INFO: Deployment of web application archive E:\Ajit\MMM\apache-tomcat-7.0.67\webapps\samplewebsite-3.0.war has finished in 91 ms
Dec 17, 2015 10:47:47 AM org.apache.catalina.startup.HostConfig deployDirectory
INFO: Deploying web application directory E:\Ajit\MMM\apache-tomcat-7.0.67\webapps\docs
Dec 17, 2015 10:47:47 AM org.apache.catalina.startup.HostConfig deployDirectory
INFO: Deployment of web application directory E:\Ajit\MMM\apache-tomcat-7.0.67\webapps\docs has finished in 98 ms
Dec 17, 2015 10:47:47 AM org.apache.catalina.startup.HostConfig deployDirectory
INFO: Deploying web application directory E:\Ajit\MMM\apache-tomcat-7.0.67\webapps\examples
Dec 17, 2015 10:47:51 AM org.apache.catalina.startup.HostConfig deployDirectory
INFO: Deployment of web application directory E:\Ajit\MMM\apache-tomcat-7.0.67\webapps\examples has finished in 3,406 ms
Dec 17, 2015 10:47:51 AM org.apache.catalina.startup.HostConfig deployDirectory
INFO: Deploying web application directory E:\Ajit\MMM\apache-tomcat-7.0.67\webapps\host-manager
Dec 17, 2015 10:47:51 AM org.apache.catalina.startup.HostConfig deployDirectory
INFO: Deployment of web application directory E:\Ajit\MMM\apache-tomcat-7.0.67\webapps\host-manager has finished in 108 ms
Dec 17, 2015 10:47:51 AM org.apache.catalina.startup.HostConfig deployDirectory
INFO: Deploying web application directory E:\Ajit\MMM\apache-tomcat-7.0.67\webapps\manager
Dec 17, 2015 10:47:51 AM org.apache.catalina.startup.HostConfig deployDirectory
INFO: Deployment of web application directory E:\Ajit\MMM\apache-tomcat-7.0.67\webapps\manager has finished in 90 ms
Dec 17, 2015 10:47:51 AM org.apache.catalina.startup.HostConfig deployDirectory
INFO: Deploying web application directory E:\Ajit\MMM\apache-tomcat-7.0.67\webapps\ROOT
Dec 17, 2015 10:47:51 AM org.apache.catalina.startup.HostConfig deployDirectory
INFO: Deployment of web application directory E:\Ajit\MMM\apache-tomcat-7.0.67\webapps\ROOT has finished in 96 ms
Dec 17, 2015 10:47:51 AM org.apache.coyote.AbstractProtocol start
INFO: Starting ProtocolHandler ["ajp-apr-8009"]
Dec 17, 2015 10:47:51 AM org.apache.catalina.startup.Catalina start
INFO: Server startup in 5393 ms
Dec 17, 2015 10:50:54 AM org.apache.coyote.AbstractProtocol pause
INFO: Pausing ProtocolHandler ["http-apr-8080"]
Dec 17, 2015 10:50:54 AM org.apache.coyote.AbstractProtocol pause
INFO: Pausing ProtocolHandler ["ajp-apr-8009"]
Dec 17, 2015 10:50:54 AM org.apache.catalina.core.StandardService stopInternal
INFO: Stopping service Catalina
Dec 17, 2015 10:50:54 AM org.apache.coyote.AbstractProtocol stop
INFO: Stopping ProtocolHandler ["ajp-apr-8009"]
Dec 17, 2015 10:50:54 AM org.apache.coyote.AbstractProtocol stop
INFO: Stopping ProtocolHandler ["http-apr-8080"]
Dec 17, 2015 10:50:54 AM org.apache.coyote.AbstractProtocol destroy
INFO: Destroying ProtocolHandler ["http-apr-8080"]
Dec 17, 2015 10:50:54 AM org.apache.coyote.AbstractProtocol destroy
INFO: Destroying ProtocolHandler ["ajp-apr-8009"]
Dec 17, 2015 10:50:59 AM org.apache.catalina.startup.VersionLoggerListener log
INFO: Server version:        Apache Tomcat/7.0.67
Dec 17, 2015 10:50:59 AM org.apache.catalina.startup.VersionLoggerListener log
INFO: Server built:          Dec 7 2015 13:07:11 UTC
Dec 17, 2015 10:50:59 AM org.apache.catalina.startup.VersionLoggerListener log
INFO: Server number:         7.0.67.0
Dec 17, 2015 10:50:59 AM org.apache.catalina.startup.VersionLoggerListener log
INFO: OS Name:               Windows 7
Dec 17, 2015 10:50:59 AM org.apache.catalina.startup.VersionLoggerListener log
INFO: OS Version:            6.1
Dec 17, 2015 10:50:59 AM org.apache.catalina.startup.VersionLoggerListener log
INFO: Architecture:          amd64
Dec 17, 2015 10:50:59 AM org.apache.catalina.startup.VersionLoggerListener log
INFO: Java Home:             C:\Program Files\Java\jdk1.8.0_51\jre
Dec 17, 2015 10:50:59 AM org.apache.catalina.startup.VersionLoggerListener log
INFO: JVM Version:           1.8.0_51-b16
Dec 17, 2015 10:50:59 AM org.apache.catalina.startup.VersionLoggerListener log
INFO: JVM Vendor:            Oracle Corporation
Dec 17, 2015 10:50:59 AM org.apache.catalina.startup.VersionLoggerListener log
INFO: CATALINA_BASE:         E:\Ajit\MMM\apache-tomcat-7.0.67
Dec 17, 2015 10:50:59 AM org.apache.catalina.startup.VersionLoggerListener log
INFO: CATALINA_HOME:         E:\Ajit\MMM\apache-tomcat-7.0.67
Dec 17, 2015 10:50:59 AM org.apache.catalina.startup.VersionLoggerListener log
INFO: Command line argument: -Djava.util.logging.config.file=E:\Ajit\MMM\apache-tomcat-7.0.67\conf\logging.properties
Dec 17, 2015 10:50:59 AM org.apache.catalina.startup.VersionLoggerListener log
INFO: Command line argument: -Djava.util.logging.manager=org.apache.juli.ClassLoaderLogManager
Dec 17, 2015 10:50:59 AM org.apache.catalina.startup.VersionLoggerListener log
INFO: Command line argument: -Djava.endorsed.dirs=E:\Ajit\MMM\apache-tomcat-7.0.67\endorsed
Dec 17, 2015 10:50:59 AM org.apache.catalina.startup.VersionLoggerListener log
INFO: Command line argument: -Dcatalina.base=E:\Ajit\MMM\apache-tomcat-7.0.67
Dec 17, 2015 10:50:59 AM org.apache.catalina.startup.VersionLoggerListener log
INFO: Command line argument: -Dcatalina.home=E:\Ajit\MMM\apache-tomcat-7.0.67
Dec 17, 2015 10:50:59 AM org.apache.catalina.startup.VersionLoggerListener log
INFO: Command line argument: -Djava.io.tmpdir=E:\Ajit\MMM\apache-tomcat-7.0.67\temp
Dec 17, 2015 10:50:59 AM org.apache.catalina.core.AprLifecycleListener lifecycleEvent
INFO: Loaded APR based Apache Tomcat Native library 1.1.33 using APR version 1.5.1.
Dec 17, 2015 10:50:59 AM org.apache.catalina.core.AprLifecycleListener lifecycleEvent
INFO: APR capabilities: IPv6 [true], sendfile [true], accept filters [false], random [true].
Dec 17, 2015 10:51:00 AM org.apache.catalina.core.AprLifecycleListener initializeSSL
INFO: OpenSSL successfully initialized (OpenSSL 1.0.1m 19 Mar 2015)
Dec 17, 2015 10:51:00 AM org.apache.coyote.AbstractProtocol init
INFO: Initializing ProtocolHandler ["http-apr-8080"]
Dec 17, 2015 10:51:00 AM org.apache.coyote.AbstractProtocol init
INFO: Initializing ProtocolHandler ["ajp-apr-8009"]
Dec 17, 2015 10:51:00 AM org.apache.catalina.startup.Catalina load
INFO: Initialization processed in 1276 ms
Dec 17, 2015 10:51:00 AM org.apache.catalina.core.StandardService startInternal
INFO: Starting service Catalina
Dec 17, 2015 10:51:00 AM org.apache.catalina.core.StandardEngine startInternal
INFO: Starting Servlet Engine: Apache Tomcat/7.0.67
Dec 17, 2015 10:51:00 AM org.apache.catalina.startup.HostConfig deployWAR
INFO: Deploying web application archive E:\Ajit\MMM\apache-tomcat-7.0.67\webapps\gswm-web.war
Dec 17, 2015 10:51:00 AM org.apache.catalina.util.SessionIdGeneratorBase createSecureRandom
INFO: Creation of SecureRandom instance for session ID generation using [SHA1PRNG] took [156] milliseconds.
Dec 17, 2015 10:51:00 AM org.apache.catalina.startup.HostConfig deployWAR
INFO: Deployment of web application archive E:\Ajit\MMM\apache-tomcat-7.0.67\webapps\gswm-web.war has finished in 405 ms
Dec 17, 2015 10:51:00 AM org.apache.catalina.startup.HostConfig deployWAR
INFO: Deploying web application archive E:\Ajit\MMM\apache-tomcat-7.0.67\webapps\newone.war
Dec 17, 2015 10:51:00 AM org.apache.catalina.startup.HostConfig deployWAR
INFO: Deployment of web application archive E:\Ajit\MMM\apache-tomcat-7.0.67\webapps\newone.war has finished in 63 ms
Dec 17, 2015 10:51:00 AM org.apache.catalina.startup.HostConfig deployWAR
INFO: Deploying web application archive E:\Ajit\MMM\apache-tomcat-7.0.67\webapps\samplewebsite-3.0.war
Dec 17, 2015 10:51:00 AM org.apache.catalina.startup.HostConfig deployWAR
INFO: Deployment of web application archive E:\Ajit\MMM\apache-tomcat-7.0.67\webapps\samplewebsite-3.0.war has finished in 62 ms
Dec 17, 2015 10:51:00 AM org.apache.catalina.startup.HostConfig deployDirectory
INFO: Deploying web application directory E:\Ajit\MMM\apache-tomcat-7.0.67\webapps\docs
Dec 17, 2015 10:51:01 AM org.apache.catalina.startup.HostConfig deployDirectory
INFO: Deployment of web application directory E:\Ajit\MMM\apache-tomcat-7.0.67\webapps\docs has finished in 63 ms
Dec 17, 2015 10:51:01 AM org.apache.catalina.startup.HostConfig deployDirectory
INFO: Deploying web application directory E:\Ajit\MMM\apache-tomcat-7.0.67\webapps\examples
Dec 17, 2015 10:51:01 AM org.apache.catalina.startup.HostConfig deployDirectory
INFO: Deployment of web application directory E:\Ajit\MMM\apache-tomcat-7.0.67\webapps\examples has finished in 421 ms
Dec 17, 2015 10:51:01 AM org.apache.catalina.startup.HostConfig deployDirectory
INFO: Deploying web application directory E:\Ajit\MMM\apache-tomcat-7.0.67\webapps\host-manager
Dec 17, 2015 10:51:01 AM org.apache.catalina.startup.HostConfig deployDirectory
INFO: Deployment of web application directory E:\Ajit\MMM\apache-tomcat-7.0.67\webapps\host-manager has finished in 62 ms
Dec 17, 2015 10:51:01 AM org.apache.catalina.startup.HostConfig deployDirectory
INFO: Deploying web application directory E:\Ajit\MMM\apache-tomcat-7.0.67\webapps\manager
Dec 17, 2015 10:51:01 AM org.apache.catalina.startup.HostConfig deployDirectory
INFO: Deployment of web application directory E:\Ajit\MMM\apache-tomcat-7.0.67\webapps\manager has finished in 63 ms
Dec 17, 2015 10:51:01 AM org.apache.catalina.startup.HostConfig deployDirectory
INFO: Deploying web application directory E:\Ajit\MMM\apache-tomcat-7.0.67\webapps\ROOT
Dec 17, 2015 10:51:01 AM org.apache.catalina.startup.HostConfig deployDirectory
INFO: Deployment of web application directory E:\Ajit\MMM\apache-tomcat-7.0.67\webapps\ROOT has finished in 62 ms
Dec 17, 2015 10:51:01 AM org.apache.coyote.AbstractProtocol start
INFO: Starting ProtocolHandler ["http-apr-8080"]
Dec 17, 2015 10:51:01 AM org.apache.coyote.AbstractProtocol start
INFO: Starting ProtocolHandler ["ajp-apr-8009"]
Dec 17, 2015 10:51:01 AM org.apache.catalina.startup.Catalina start
INFO: Server startup in 1334 ms
Dec 17, 2015 11:14:17 AM org.apache.coyote.AbstractProtocol pause
INFO: Pausing ProtocolHandler ["http-apr-8080"]
Dec 17, 2015 11:14:17 AM org.apache.coyote.AbstractProtocol pause
INFO: Pausing ProtocolHandler ["ajp-apr-8009"]
Dec 17, 2015 11:14:17 AM org.apache.catalina.core.StandardService stopInternal
INFO: Stopping service Catalina
Dec 17, 2015 11:14:17 AM org.apache.coyote.AbstractProtocol stop
INFO: Stopping ProtocolHandler ["http-apr-8080"]
Dec 17, 2015 11:14:17 AM org.apache.coyote.AbstractProtocol stop
INFO: Stopping ProtocolHandler ["ajp-apr-8009"]
Dec 17, 2015 11:14:17 AM org.apache.coyote.AbstractProtocol destroy
INFO: Destroying ProtocolHandler ["http-apr-8080"]
Dec 17, 2015 11:14:17 AM org.apache.coyote.AbstractProtocol destroy
INFO: Destroying ProtocolHandler ["ajp-apr-8009"]
Dec 17, 2015 11:14:54 AM org.apache.catalina.startup.VersionLoggerListener log
INFO: Server version:        Apache Tomcat/7.0.67
Dec 17, 2015 11:14:54 AM org.apache.catalina.startup.VersionLoggerListener log
INFO: Server built:          Dec 7 2015 13:07:11 UTC
Dec 17, 2015 11:14:54 AM org.apache.catalina.startup.VersionLoggerListener log
INFO: Server number:         7.0.67.0
Dec 17, 2015 11:14:54 AM org.apache.catalina.startup.VersionLoggerListener log
INFO: OS Name:               Windows 7
Dec 17, 2015 11:14:54 AM org.apache.catalina.startup.VersionLoggerListener log
INFO: OS Version:            6.1
Dec 17, 2015 11:14:54 AM org.apache.catalina.startup.VersionLoggerListener log
INFO: Architecture:          amd64
Dec 17, 2015 11:14:54 AM org.apache.catalina.startup.VersionLoggerListener log
INFO: Java Home:             C:\Program Files\Java\jdk1.8.0_51\jre
Dec 17, 2015 11:14:54 AM org.apache.catalina.startup.VersionLoggerListener log
INFO: JVM Version:           1.8.0_51-b16
Dec 17, 2015 11:14:54 AM org.apache.catalina.startup.VersionLoggerListener log
INFO: JVM Vendor:            Oracle Corporation
Dec 17, 2015 11:14:54 AM org.apache.catalina.startup.VersionLoggerListener log
INFO: CATALINA_BASE:         E:\Ajit\MMM\apache-tomcat-7.0.67
Dec 17, 2015 11:14:54 AM org.apache.catalina.startup.VersionLoggerListener log
INFO: CATALINA_HOME:         E:\Ajit\MMM\apache-tomcat-7.0.67
Dec 17, 2015 11:14:54 AM org.apache.catalina.startup.VersionLoggerListener log
INFO: Command line argument: -Djava.util.logging.config.file=E:\Ajit\MMM\apache-tomcat-7.0.67\conf\logging.properties
Dec 17, 2015 11:14:54 AM org.apache.catalina.startup.VersionLoggerListener log
INFO: Command line argument: -Djava.util.logging.manager=org.apache.juli.ClassLoaderLogManager
Dec 17, 2015 11:14:54 AM org.apache.catalina.startup.VersionLoggerListener log
INFO: Command line argument: -Djava.endorsed.dirs=E:\Ajit\MMM\apache-tomcat-7.0.67\endorsed
Dec 17, 2015 11:14:54 AM org.apache.catalina.startup.VersionLoggerListener log
INFO: Command line argument: -Dcatalina.base=E:\Ajit\MMM\apache-tomcat-7.0.67
Dec 17, 2015 11:14:54 AM org.apache.catalina.startup.VersionLoggerListener log
INFO: Command line argument: -Dcatalina.home=E:\Ajit\MMM\apache-tomcat-7.0.67
Dec 17, 2015 11:14:54 AM org.apache.catalina.startup.VersionLoggerListener log
INFO: Command line argument: -Djava.io.tmpdir=E:\Ajit\MMM\apache-tomcat-7.0.67\temp
Dec 17, 2015 11:14:54 AM org.apache.catalina.core.AprLifecycleListener lifecycleEvent
INFO: Loaded APR based Apache Tomcat Native library 1.1.33 using APR version 1.5.1.
Dec 17, 2015 11:14:54 AM org.apache.catalina.core.AprLifecycleListener lifecycleEvent
INFO: APR capabilities: IPv6 [true], sendfile [true], accept filters [false], random [true].
Dec 17, 2015 11:14:54 AM org.apache.catalina.core.AprLifecycleListener initializeSSL
INFO: OpenSSL successfully initialized (OpenSSL 1.0.1m 19 Mar 2015)
Dec 17, 2015 11:14:55 AM org.apache.coyote.AbstractProtocol init
INFO: Initializing ProtocolHandler ["http-apr-8090"]
Dec 17, 2015 11:14:55 AM org.apache.coyote.AbstractProtocol init
INFO: Initializing ProtocolHandler ["ajp-apr-8009"]
Dec 17, 2015 11:14:55 AM org.apache.catalina.startup.Catalina load
INFO: Initialization processed in 1260 ms
Dec 17, 2015 11:14:55 AM org.apache.catalina.core.StandardService startInternal
INFO: Starting service Catalina
Dec 17, 2015 11:14:55 AM org.apache.catalina.core.StandardEngine startInternal
INFO: Starting Servlet Engine: Apache Tomcat/7.0.67
Dec 17, 2015 11:14:55 AM org.apache.catalina.startup.HostConfig deployWAR
INFO: Deploying web application archive E:\Ajit\MMM\apache-tomcat-7.0.67\webapps\gswm-web.war
Dec 17, 2015 11:14:55 AM org.apache.catalina.util.SessionIdGeneratorBase createSecureRandom
INFO: Creation of SecureRandom instance for session ID generation using [SHA1PRNG] took [156] milliseconds.
Dec 17, 2015 11:14:55 AM org.apache.catalina.startup.HostConfig deployWAR
INFO: Deployment of web application archive E:\Ajit\MMM\apache-tomcat-7.0.67\webapps\gswm-web.war has finished in 422 ms
Dec 17, 2015 11:14:55 AM org.apache.catalina.startup.HostConfig deployWAR
INFO: Deploying web application archive E:\Ajit\MMM\apache-tomcat-7.0.67\webapps\newone.war
Dec 17, 2015 11:14:55 AM org.apache.catalina.startup.HostConfig deployWAR
INFO: Deployment of web application archive E:\Ajit\MMM\apache-tomcat-7.0.67\webapps\newone.war has finished in 78 ms
Dec 17, 2015 11:14:55 AM org.apache.catalina.startup.HostConfig deployWAR
INFO: Deploying web application archive E:\Ajit\MMM\apache-tomcat-7.0.67\webapps\samplewebsite-3.0.war
Dec 17, 2015 11:14:55 AM org.apache.catalina.startup.HostConfig deployWAR
INFO: Deployment of web application archive E:\Ajit\MMM\apache-tomcat-7.0.67\webapps\samplewebsite-3.0.war has finished in 62 ms
Dec 17, 2015 11:14:55 AM org.apache.catalina.startup.HostConfig deployDirectory
INFO: Deploying web application directory E:\Ajit\MMM\apache-tomcat-7.0.67\webapps\docs
Dec 17, 2015 11:14:55 AM org.apache.catalina.startup.HostConfig deployDirectory
INFO: Deployment of web application directory E:\Ajit\MMM\apache-tomcat-7.0.67\webapps\docs has finished in 62 ms
Dec 17, 2015 11:14:55 AM org.apache.catalina.startup.HostConfig deployDirectory
INFO: Deploying web application directory E:\Ajit\MMM\apache-tomcat-7.0.67\webapps\examples
Dec 17, 2015 11:14:55 AM org.apache.catalina.startup.HostConfig deployDirectory
INFO: Deployment of web application directory E:\Ajit\MMM\apache-tomcat-7.0.67\webapps\examples has finished in 266 ms
Dec 17, 2015 11:14:55 AM org.apache.catalina.startup.HostConfig deployDirectory
INFO: Deploying web application directory E:\Ajit\MMM\apache-tomcat-7.0.67\webapps\host-manager
Dec 17, 2015 11:14:56 AM org.apache.catalina.startup.HostConfig deployDirectory
INFO: Deployment of web application directory E:\Ajit\MMM\apache-tomcat-7.0.67\webapps\host-manager has finished in 46 ms
Dec 17, 2015 11:14:56 AM org.apache.catalina.startup.HostConfig deployDirectory
INFO: Deploying web application directory E:\Ajit\MMM\apache-tomcat-7.0.67\webapps\manager
Dec 17, 2015 11:14:56 AM org.apache.catalina.startup.HostConfig deployDirectory
INFO: Deployment of web application directory E:\Ajit\MMM\apache-tomcat-7.0.67\webapps\manager has finished in 62 ms
Dec 17, 2015 11:14:56 AM org.apache.catalina.startup.HostConfig deployDirectory
INFO: Deploying web application directory E:\Ajit\MMM\apache-tomcat-7.0.67\webapps\ROOT
Dec 17, 2015 11:14:56 AM org.apache.catalina.startup.HostConfig deployDirectory
INFO: Deployment of web application directory E:\Ajit\MMM\apache-tomcat-7.0.67\webapps\ROOT has finished in 47 ms
Dec 17, 2015 11:14:56 AM org.apache.coyote.AbstractProtocol start
INFO: Starting ProtocolHandler ["http-apr-8090"]
Dec 17, 2015 11:14:56 AM org.apache.coyote.AbstractProtocol start
INFO: Starting ProtocolHandler ["ajp-apr-8009"]
Dec 17, 2015 11:14:56 AM org.apache.catalina.startup.Catalina start
INFO: Server startup in 1143 ms
Dec 17, 2015 11:36:47 AM org.apache.catalina.startup.HostConfig deployWAR
INFO: Deploying web application archive E:\Ajit\MMM\apache-tomcat-7.0.67\webapps\my_first_project.war
Dec 17, 2015 11:36:47 AM org.apache.catalina.startup.HostConfig deployWAR
INFO: Deployment of web application archive E:\Ajit\MMM\apache-tomcat-7.0.67\webapps\my_first_project.war has finished in 110 ms
Dec 17, 2015 11:37:09 AM org.apache.coyote.AbstractProtocol pause
INFO: Pausing ProtocolHandler ["http-apr-8090"]
Dec 17, 2015 11:37:10 AM org.apache.coyote.AbstractProtocol pause
INFO: Pausing ProtocolHandler ["ajp-apr-8009"]
Dec 17, 2015 11:37:10 AM org.apache.catalina.core.StandardService stopInternal
INFO: Stopping service Catalina
Dec 17, 2015 11:37:10 AM org.apache.coyote.AbstractProtocol stop
INFO: Stopping ProtocolHandler ["http-apr-8090"]
Dec 17, 2015 11:37:10 AM org.apache.coyote.AbstractProtocol stop
INFO: Stopping ProtocolHandler ["ajp-apr-8009"]
Dec 17, 2015 11:37:10 AM org.apache.coyote.AbstractProtocol destroy
INFO: Destroying ProtocolHandler ["http-apr-8090"]
Dec 17, 2015 11:37:10 AM org.apache.coyote.AbstractProtocol destroy
INFO: Destroying ProtocolHandler ["ajp-apr-8009"]
Dec 17, 2015 11:37:14 AM org.apache.catalina.startup.VersionLoggerListener log
INFO: Server version:        Apache Tomcat/7.0.67
Dec 17, 2015 11:37:14 AM org.apache.catalina.startup.VersionLoggerListener log
INFO: Server built:          Dec 7 2015 13:07:11 UTC
Dec 17, 2015 11:37:14 AM org.apache.catalina.startup.VersionLoggerListener log
INFO: Server number:         7.0.67.0
Dec 17, 2015 11:37:14 AM org.apache.catalina.startup.VersionLoggerListener log
INFO: OS Name:               Windows 7
Dec 17, 2015 11:37:14 AM org.apache.catalina.startup.VersionLoggerListener log
INFO: OS Version:            6.1
Dec 17, 2015 11:37:14 AM org.apache.catalina.startup.VersionLoggerListener log
INFO: Architecture:          amd64
Dec 17, 2015 11:37:14 AM org.apache.catalina.startup.VersionLoggerListener log
INFO: Java Home:             C:\Program Files\Java\jdk1.8.0_51\jre
Dec 17, 2015 11:37:14 AM org.apache.catalina.startup.VersionLoggerListener log
INFO: JVM Version:           1.8.0_51-b16
Dec 17, 2015 11:37:14 AM org.apache.catalina.startup.VersionLoggerListener log
INFO: JVM Vendor:            Oracle Corporation
Dec 17, 2015 11:37:14 AM org.apache.catalina.startup.VersionLoggerListener log
INFO: CATALINA_BASE:         E:\Ajit\MMM\apache-tomcat-7.0.67
Dec 17, 2015 11:37:14 AM org.apache.catalina.startup.VersionLoggerListener log
INFO: CATALINA_HOME:         E:\Ajit\MMM\apache-tomcat-7.0.67
Dec 17, 2015 11:37:14 AM org.apache.catalina.startup.VersionLoggerListener log
INFO: Command line argument: -Djava.util.logging.config.file=E:\Ajit\MMM\apache-tomcat-7.0.67\conf\logging.properties
Dec 17, 2015 11:37:14 AM org.apache.catalina.startup.VersionLoggerListener log
INFO: Command line argument: -Djava.util.logging.manager=org.apache.juli.ClassLoaderLogManager
Dec 17, 2015 11:37:14 AM org.apache.catalina.startup.VersionLoggerListener log
INFO: Command line argument: -Djava.endorsed.dirs=E:\Ajit\MMM\apache-tomcat-7.0.67\endorsed
Dec 17, 2015 11:37:14 AM org.apache.catalina.startup.VersionLoggerListener log
INFO: Command line argument: -Dcatalina.base=E:\Ajit\MMM\apache-tomcat-7.0.67
Dec 17, 2015 11:37:14 AM org.apache.catalina.startup.VersionLoggerListener log
INFO: Command line argument: -Dcatalina.home=E:\Ajit\MMM\apache-tomcat-7.0.67
Dec 17, 2015 11:37:14 AM org.apache.catalina.startup.VersionLoggerListener log
INFO: Command line argument: -Djava.io.tmpdir=E:\Ajit\MMM\apache-tomcat-7.0.67\temp
Dec 17, 2015 11:37:14 AM org.apache.catalina.core.AprLifecycleListener lifecycleEvent
INFO: Loaded APR based Apache Tomcat Native library 1.1.33 using APR version 1.5.1.
Dec 17, 2015 11:37:14 AM org.apache.catalina.core.AprLifecycleListener lifecycleEvent
INFO: APR capabilities: IPv6 [true], sendfile [true], accept filters [false], random [true].
Dec 17, 2015 11:37:15 AM org.apache.catalina.core.AprLifecycleListener initializeSSL
INFO: OpenSSL successfully initialized (OpenSSL 1.0.1m 19 Mar 2015)
Dec 17, 2015 11:37:15 AM org.apache.coyote.AbstractProtocol init
INFO: Initializing ProtocolHandler ["http-apr-8090"]
Dec 17, 2015 11:37:15 AM org.apache.coyote.AbstractProtocol init
INFO: Initializing ProtocolHandler ["ajp-apr-8009"]
Dec 17, 2015 11:37:15 AM org.apache.catalina.startup.Catalina load
INFO: Initialization processed in 1284 ms
Dec 17, 2015 11:37:15 AM org.apache.catalina.core.StandardService startInternal
INFO: Starting service Catalina
Dec 17, 2015 11:37:15 AM org.apache.catalina.core.StandardEngine startInternal
INFO: Starting Servlet Engine: Apache Tomcat/7.0.67
Dec 17, 2015 11:37:15 AM org.apache.catalina.startup.HostConfig deployWAR
INFO: Deploying web application archive E:\Ajit\MMM\apache-tomcat-7.0.67\webapps\gswm-web.war
Dec 17, 2015 11:37:15 AM org.apache.catalina.util.SessionIdGeneratorBase createSecureRandom
INFO: Creation of SecureRandom instance for session ID generation using [SHA1PRNG] took [140] milliseconds.
Dec 17, 2015 11:37:15 AM org.apache.catalina.startup.HostConfig deployWAR
INFO: Deployment of web application archive E:\Ajit\MMM\apache-tomcat-7.0.67\webapps\gswm-web.war has finished in 406 ms
Dec 17, 2015 11:37:15 AM org.apache.catalina.startup.HostConfig deployWAR
INFO: Deploying web application archive E:\Ajit\MMM\apache-tomcat-7.0.67\webapps\my_first_project.war
Dec 17, 2015 11:37:15 AM org.apache.catalina.startup.HostConfig deployWAR
INFO: Deployment of web application archive E:\Ajit\MMM\apache-tomcat-7.0.67\webapps\my_first_project.war has finished in 63 ms
Dec 17, 2015 11:37:15 AM org.apache.catalina.startup.HostConfig deployWAR
INFO: Deploying web application archive E:\Ajit\MMM\apache-tomcat-7.0.67\webapps\newone.war
Dec 17, 2015 11:37:15 AM org.apache.catalina.startup.HostConfig deployWAR
INFO: Deployment of web application archive E:\Ajit\MMM\apache-tomcat-7.0.67\webapps\newone.war has finished in 78 ms
Dec 17, 2015 11:37:15 AM org.apache.catalina.startup.HostConfig deployWAR
INFO: Deploying web application archive E:\Ajit\MMM\apache-tomcat-7.0.67\webapps\samplewebsite-3.0.war
Dec 17, 2015 11:37:16 AM org.apache.catalina.startup.HostConfig deployWAR
INFO: Deployment of web application archive E:\Ajit\MMM\apache-tomcat-7.0.67\webapps\samplewebsite-3.0.war has finished in 62 ms
Dec 17, 2015 11:37:16 AM org.apache.catalina.startup.HostConfig deployDirectory
INFO: Deploying web application directory E:\Ajit\MMM\apache-tomcat-7.0.67\webapps\docs
Dec 17, 2015 11:37:16 AM org.apache.catalina.startup.HostConfig deployDirectory
INFO: Deployment of web application directory E:\Ajit\MMM\apache-tomcat-7.0.67\webapps\docs has finished in 47 ms
Dec 17, 2015 11:37:16 AM org.apache.catalina.startup.HostConfig deployDirectory
INFO: Deploying web application directory E:\Ajit\MMM\apache-tomcat-7.0.67\webapps\examples
Dec 17, 2015 11:37:16 AM org.apache.catalina.startup.HostConfig deployDirectory
INFO: Deployment of web application directory E:\Ajit\MMM\apache-tomcat-7.0.67\webapps\examples has finished in 281 ms
Dec 17, 2015 11:37:16 AM org.apache.catalina.startup.HostConfig deployDirectory
INFO: Deploying web application directory E:\Ajit\MMM\apache-tomcat-7.0.67\webapps\host-manager
Dec 17, 2015 11:37:16 AM org.apache.catalina.startup.HostConfig deployDirectory
INFO: Deployment of web application directory E:\Ajit\MMM\apache-tomcat-7.0.67\webapps\host-manager has finished in 62 ms
Dec 17, 2015 11:37:16 AM org.apache.catalina.startup.HostConfig deployDirectory
INFO: Deploying web application directory E:\Ajit\MMM\apache-tomcat-7.0.67\webapps\manager
Dec 17, 2015 11:37:16 AM org.apache.catalina.startup.HostConfig deployDirectory
INFO: Deployment of web application directory E:\Ajit\MMM\apache-tomcat-7.0.67\webapps\manager has finished in 62 ms
Dec 17, 2015 11:37:16 AM org.apache.catalina.startup.HostConfig deployDirectory
INFO: Deploying web application directory E:\Ajit\MMM\apache-tomcat-7.0.67\webapps\ROOT
Dec 17, 2015 11:37:16 AM org.apache.catalina.startup.HostConfig deployDirectory
INFO: Deployment of web application directory E:\Ajit\MMM\apache-tomcat-7.0.67\webapps\ROOT has finished in 32 ms
Dec 17, 2015 11:37:16 AM org.apache.coyote.AbstractProtocol start
INFO: Starting ProtocolHandler ["http-apr-8090"]
Dec 17, 2015 11:37:16 AM org.apache.coyote.AbstractProtocol start
INFO: Starting ProtocolHandler ["ajp-apr-8009"]
Dec 17, 2015 11:37:16 AM org.apache.catalina.startup.Catalina start
INFO: Server startup in 1181 ms
Dec 17, 2015 11:37:51 AM org.apache.coyote.AbstractProtocol pause
INFO: Pausing ProtocolHandler ["http-apr-8090"]
Dec 17, 2015 11:37:51 AM org.apache.coyote.AbstractProtocol pause
INFO: Pausing ProtocolHandler ["ajp-apr-8009"]
Dec 17, 2015 11:37:51 AM org.apache.catalina.core.StandardService stopInternal
INFO: Stopping service Catalina
Dec 17, 2015 11:37:51 AM org.apache.coyote.AbstractProtocol stop
INFO: Stopping ProtocolHandler ["http-apr-8090"]
Dec 17, 2015 11:37:51 AM org.apache.coyote.AbstractProtocol stop
INFO: Stopping ProtocolHandler ["ajp-apr-8009"]
Dec 17, 2015 11:37:52 AM org.apache.coyote.AbstractProtocol destroy
INFO: Destroying ProtocolHandler ["http-apr-8090"]
Dec 17, 2015 11:37:52 AM org.apache.coyote.AbstractProtocol destroy
INFO: Destroying ProtocolHandler ["ajp-apr-8009"]
Dec 17, 2015 11:37:54 AM org.apache.catalina.startup.VersionLoggerListener log
INFO: Server version:        Apache Tomcat/7.0.67
Dec 17, 2015 11:37:54 AM org.apache.catalina.startup.VersionLoggerListener log
INFO: Server built:          Dec 7 2015 13:07:11 UTC
Dec 17, 2015 11:37:54 AM org.apache.catalina.startup.VersionLoggerListener log
INFO: Server number:         7.0.67.0
Dec 17, 2015 11:37:54 AM org.apache.catalina.startup.VersionLoggerListener log
INFO: OS Name:               Windows 7
Dec 17, 2015 11:37:54 AM org.apache.catalina.startup.VersionLoggerListener log
INFO: OS Version:            6.1
Dec 17, 2015 11:37:54 AM org.apache.catalina.startup.VersionLoggerListener log
INFO: Architecture:          amd64
Dec 17, 2015 11:37:54 AM org.apache.catalina.startup.VersionLoggerListener log
INFO: Java Home:             C:\Program Files\Java\jdk1.8.0_51\jre
Dec 17, 2015 11:37:54 AM org.apache.catalina.startup.VersionLoggerListener log
INFO: JVM Version:           1.8.0_51-b16
Dec 17, 2015 11:37:54 AM org.apache.catalina.startup.VersionLoggerListener log
INFO: JVM Vendor:            Oracle Corporation
Dec 17, 2015 11:37:54 AM org.apache.catalina.startup.VersionLoggerListener log
INFO: CATALINA_BASE:         E:\Ajit\MMM\apache-tomcat-7.0.67
Dec 17, 2015 11:37:54 AM org.apache.catalina.startup.VersionLoggerListener log
INFO: CATALINA_HOME:         E:\Ajit\MMM\apache-tomcat-7.0.67
Dec 17, 2015 11:37:54 AM org.apache.catalina.startup.VersionLoggerListener log
INFO: Command line argument: -Djava.util.logging.config.file=E:\Ajit\MMM\apache-tomcat-7.0.67\conf\logging.properties
Dec 17, 2015 11:37:54 AM org.apache.catalina.startup.VersionLoggerListener log
INFO: Command line argument: -Djava.util.logging.manager=org.apache.juli.ClassLoaderLogManager
Dec 17, 2015 11:37:54 AM org.apache.catalina.startup.VersionLoggerListener log
INFO: Command line argument: -Djava.endorsed.dirs=E:\Ajit\MMM\apache-tomcat-7.0.67\endorsed
Dec 17, 2015 11:37:54 AM org.apache.catalina.startup.VersionLoggerListener log
INFO: Command line argument: -Dcatalina.base=E:\Ajit\MMM\apache-tomcat-7.0.67
Dec 17, 2015 11:37:54 AM org.apache.catalina.startup.VersionLoggerListener log
INFO: Command line argument: -Dcatalina.home=E:\Ajit\MMM\apache-tomcat-7.0.67
Dec 17, 2015 11:37:54 AM org.apache.catalina.startup.VersionLoggerListener log
INFO: Command line argument: -Djava.io.tmpdir=E:\Ajit\MMM\apache-tomcat-7.0.67\temp
Dec 17, 2015 11:37:54 AM org.apache.catalina.core.AprLifecycleListener lifecycleEvent
INFO: Loaded APR based Apache Tomcat Native library 1.1.33 using APR version 1.5.1.
Dec 17, 2015 11:37:54 AM org.apache.catalina.core.AprLifecycleListener lifecycleEvent
INFO: APR capabilities: IPv6 [true], sendfile [true], accept filters [false], random [true].
Dec 17, 2015 11:37:55 AM org.apache.catalina.core.AprLifecycleListener initializeSSL
INFO: OpenSSL successfully initialized (OpenSSL 1.0.1m 19 Mar 2015)
Dec 17, 2015 11:37:55 AM org.apache.coyote.AbstractProtocol init
INFO: Initializing ProtocolHandler ["http-apr-8090"]
Dec 17, 2015 11:37:55 AM org.apache.coyote.AbstractProtocol init
INFO: Initializing ProtocolHandler ["ajp-apr-8009"]
Dec 17, 2015 11:37:55 AM org.apache.catalina.startup.Catalina load
INFO: Initialization processed in 1301 ms
Dec 17, 2015 11:37:55 AM org.apache.catalina.core.StandardService startInternal
INFO: Starting service Catalina
Dec 17, 2015 11:37:55 AM org.apache.catalina.core.StandardEngine startInternal
INFO: Starting Servlet Engine: Apache Tomcat/7.0.67
Dec 17, 2015 11:37:55 AM org.apache.catalina.startup.HostConfig deployWAR
INFO: Deploying web application archive E:\Ajit\MMM\apache-tomcat-7.0.67\webapps\gswm-web.war
Dec 17, 2015 11:37:56 AM org.apache.catalina.util.SessionIdGeneratorBase createSecureRandom
INFO: Creation of SecureRandom instance for session ID generation using [SHA1PRNG] took [156] milliseconds.
Dec 17, 2015 11:37:56 AM org.apache.catalina.startup.HostConfig deployWAR
INFO: Deployment of web application archive E:\Ajit\MMM\apache-tomcat-7.0.67\webapps\gswm-web.war has finished in 421 ms
Dec 17, 2015 11:37:56 AM org.apache.catalina.startup.HostConfig deployWAR
INFO: Deploying web application archive E:\Ajit\MMM\apache-tomcat-7.0.67\webapps\my_first_project.war
Dec 17, 2015 11:37:56 AM org.apache.catalina.startup.HostConfig deployWAR
INFO: Deployment of web application archive E:\Ajit\MMM\apache-tomcat-7.0.67\webapps\my_first_project.war has finished in 78 ms
Dec 17, 2015 11:37:56 AM org.apache.catalina.startup.HostConfig deployWAR
INFO: Deploying web application archive E:\Ajit\MMM\apache-tomcat-7.0.67\webapps\newone.war
Dec 17, 2015 11:37:56 AM org.apache.catalina.startup.HostConfig deployWAR
INFO: Deployment of web application archive E:\Ajit\MMM\apache-tomcat-7.0.67\webapps\newone.war has finished in 78 ms
Dec 17, 2015 11:37:56 AM org.apache.catalina.startup.HostConfig deployWAR
INFO: Deploying web application archive E:\Ajit\MMM\apache-tomcat-7.0.67\webapps\samplewebsite-3.0.war
Dec 17, 2015 11:37:56 AM org.apache.catalina.startup.HostConfig deployWAR
INFO: Deployment of web application archive E:\Ajit\MMM\apache-tomcat-7.0.67\webapps\samplewebsite-3.0.war has finished in 63 ms
Dec 17, 2015 11:37:56 AM org.apache.catalina.startup.HostConfig deployDirectory
INFO: Deploying web application directory E:\Ajit\MMM\apache-tomcat-7.0.67\webapps\docs
Dec 17, 2015 11:37:56 AM org.apache.catalina.startup.HostConfig deployDirectory
INFO: Deployment of web application directory E:\Ajit\MMM\apache-tomcat-7.0.67\webapps\docs has finished in 47 ms
Dec 17, 2015 11:37:56 AM org.apache.catalina.startup.HostConfig deployDirectory
INFO: Deploying web application directory E:\Ajit\MMM\apache-tomcat-7.0.67\webapps\examples
Dec 17, 2015 11:37:56 AM org.apache.catalina.startup.HostConfig deployDirectory
INFO: Deployment of web application directory E:\Ajit\MMM\apache-tomcat-7.0.67\webapps\examples has finished in 265 ms
Dec 17, 2015 11:37:56 AM org.apache.catalina.startup.HostConfig deployDirectory
INFO: Deploying web application directory E:\Ajit\MMM\apache-tomcat-7.0.67\webapps\host-manager
Dec 17, 2015 11:37:56 AM org.apache.catalina.startup.HostConfig deployDirectory
INFO: Deployment of web application directory E:\Ajit\MMM\apache-tomcat-7.0.67\webapps\host-manager has finished in 78 ms
Dec 17, 2015 11:37:56 AM org.apache.catalina.startup.HostConfig deployDirectory
INFO: Deploying web application directory E:\Ajit\MMM\apache-tomcat-7.0.67\webapps\manager
Dec 17, 2015 11:37:57 AM org.apache.catalina.startup.HostConfig deployDirectory
INFO: Deployment of web application directory E:\Ajit\MMM\apache-tomcat-7.0.67\webapps\manager has finished in 47 ms
Dec 17, 2015 11:37:57 AM org.apache.catalina.startup.HostConfig deployDirectory
INFO: Deploying web application directory E:\Ajit\MMM\apache-tomcat-7.0.67\webapps\ROOT
Dec 17, 2015 11:37:57 AM org.apache.catalina.startup.HostConfig deployDirectory
INFO: Deployment of web application directory E:\Ajit\MMM\apache-tomcat-7.0.67\webapps\ROOT has finished in 47 ms
Dec 17, 2015 11:37:57 AM org.apache.coyote.AbstractProtocol start
INFO: Starting ProtocolHandler ["http-apr-8090"]
Dec 17, 2015 11:37:57 AM org.apache.coyote.AbstractProtocol start
INFO: Starting ProtocolHandler ["ajp-apr-8009"]
Dec 17, 2015 11:37:57 AM org.apache.catalina.startup.Catalina start
INFO: Server startup in 1219 ms
Dec 17, 2015 12:09:28 PM org.apache.catalina.startup.HostConfig undeploy
INFO: Undeploying context [/my_first_project]
Dec 17, 2015 12:09:28 PM org.apache.catalina.startup.HostConfig deployWAR
INFO: Deploying web application archive E:\Ajit\MMM\apache-tomcat-7.0.67\webapps\my_first_project.war
Dec 17, 2015 12:09:28 PM org.apache.catalina.startup.HostConfig deployWAR
INFO: Deployment of web application archive E:\Ajit\MMM\apache-tomcat-7.0.67\webapps\my_first_project.war has finished in 66 ms
Dec 17, 2015 12:12:58 PM org.apache.catalina.startup.HostConfig undeploy
INFO: Undeploying context [/my_first_project]
Dec 17, 2015 12:12:58 PM org.apache.catalina.startup.HostConfig deployWAR
INFO: Deploying web application archive E:\Ajit\MMM\apache-tomcat-7.0.67\webapps\my_first_project.war
Dec 17, 2015 12:12:58 PM org.apache.catalina.startup.HostConfig deployWAR
INFO: Deployment of web application archive E:\Ajit\MMM\apache-tomcat-7.0.67\webapps\my_first_project.war has finished in 62 ms
Dec 17, 2015 12:13:13 PM org.apache.coyote.AbstractProtocol pause
INFO: Pausing ProtocolHandler ["http-apr-8090"]
Dec 17, 2015 12:13:13 PM org.apache.coyote.AbstractProtocol pause
INFO: Pausing ProtocolHandler ["ajp-apr-8009"]
Dec 17, 2015 12:13:13 PM org.apache.catalina.core.StandardService stopInternal
INFO: Stopping service Catalina
Dec 17, 2015 12:13:13 PM org.apache.coyote.AbstractProtocol stop
INFO: Stopping ProtocolHandler ["http-apr-8090"]
Dec 17, 2015 12:13:13 PM org.apache.coyote.AbstractProtocol stop
INFO: Stopping ProtocolHandler ["ajp-apr-8009"]
Dec 17, 2015 12:13:13 PM org.apache.coyote.AbstractProtocol destroy
INFO: Destroying ProtocolHandler ["http-apr-8090"]
Dec 17, 2015 12:13:13 PM org.apache.coyote.AbstractProtocol destroy
INFO: Destroying ProtocolHandler ["ajp-apr-8009"]
Dec 17, 2015 12:13:17 PM org.apache.catalina.startup.VersionLoggerListener log
INFO: Server version:        Apache Tomcat/7.0.67
Dec 17, 2015 12:13:17 PM org.apache.catalina.startup.VersionLoggerListener log
INFO: Server built:          Dec 7 2015 13:07:11 UTC
Dec 17, 2015 12:13:17 PM org.apache.catalina.startup.VersionLoggerListener log
INFO: Server number:         7.0.67.0
Dec 17, 2015 12:13:17 PM org.apache.catalina.startup.VersionLoggerListener log
INFO: OS Name:               Windows 7
Dec 17, 2015 12:13:17 PM org.apache.catalina.startup.VersionLoggerListener log
INFO: OS Version:            6.1
Dec 17, 2015 12:13:17 PM org.apache.catalina.startup.VersionLoggerListener log
INFO: Architecture:          amd64
Dec 17, 2015 12:13:17 PM org.apache.catalina.startup.VersionLoggerListener log
INFO: Java Home:             C:\Program Files\Java\jdk1.8.0_51\jre
Dec 17, 2015 12:13:17 PM org.apache.catalina.startup.VersionLoggerListener log
INFO: JVM Version:           1.8.0_51-b16
Dec 17, 2015 12:13:17 PM org.apache.catalina.startup.VersionLoggerListener log
INFO: JVM Vendor:            Oracle Corporation
Dec 17, 2015 12:13:17 PM org.apache.catalina.startup.VersionLoggerListener log
INFO: CATALINA_BASE:         E:\Ajit\MMM\apache-tomcat-7.0.67
Dec 17, 2015 12:13:17 PM org.apache.catalina.startup.VersionLoggerListener log
INFO: CATALINA_HOME:         E:\Ajit\MMM\apache-tomcat-7.0.67
Dec 17, 2015 12:13:17 PM org.apache.catalina.startup.VersionLoggerListener log
INFO: Command line argument: -Djava.util.logging.config.file=E:\Ajit\MMM\apache-tomcat-7.0.67\conf\logging.properties
Dec 17, 2015 12:13:17 PM org.apache.catalina.startup.VersionLoggerListener log
INFO: Command line argument: -Djava.util.logging.manager=org.apache.juli.ClassLoaderLogManager
Dec 17, 2015 12:13:17 PM org.apache.catalina.startup.VersionLoggerListener log
INFO: Command line argument: -Djava.endorsed.dirs=E:\Ajit\MMM\apache-tomcat-7.0.67\endorsed
Dec 17, 2015 12:13:17 PM org.apache.catalina.startup.VersionLoggerListener log
INFO: Command line argument: -Dcatalina.base=E:\Ajit\MMM\apache-tomcat-7.0.67
Dec 17, 2015 12:13:17 PM org.apache.catalina.startup.VersionLoggerListener log
INFO: Command line argument: -Dcatalina.home=E:\Ajit\MMM\apache-tomcat-7.0.67
Dec 17, 2015 12:13:17 PM org.apache.catalina.startup.VersionLoggerListener log
INFO: Command line argument: -Djava.io.tmpdir=E:\Ajit\MMM\apache-tomcat-7.0.67\temp
Dec 17, 2015 12:13:17 PM org.apache.catalina.core.AprLifecycleListener lifecycleEvent
INFO: Loaded APR based Apache Tomcat Native library 1.1.33 using APR version 1.5.1.
Dec 17, 2015 12:13:17 PM org.apache.catalina.core.AprLifecycleListener lifecycleEvent
INFO: APR capabilities: IPv6 [true], sendfile [true], accept filters [false], random [true].
Dec 17, 2015 12:13:17 PM org.apache.catalina.core.AprLifecycleListener initializeSSL
INFO: OpenSSL successfully initialized (OpenSSL 1.0.1m 19 Mar 2015)
Dec 17, 2015 12:13:18 PM org.apache.coyote.AbstractProtocol init
INFO: Initializing ProtocolHandler ["http-apr-8090"]
Dec 17, 2015 12:13:18 PM org.apache.coyote.AbstractProtocol init
INFO: Initializing ProtocolHandler ["ajp-apr-8009"]
Dec 17, 2015 12:13:18 PM org.apache.catalina.startup.Catalina load
INFO: Initialization processed in 1258 ms
Dec 17, 2015 12:13:18 PM org.apache.catalina.core.StandardService startInternal
INFO: Starting service Catalina
Dec 17, 2015 12:13:18 PM org.apache.catalina.core.StandardEngine startInternal
INFO: Starting Servlet Engine: Apache Tomcat/7.0.67
Dec 17, 2015 12:13:18 PM org.apache.catalina.startup.HostConfig deployWAR
INFO: Deploying web application archive E:\Ajit\MMM\apache-tomcat-7.0.67\webapps\gswm-web.war
Dec 17, 2015 12:13:18 PM org.apache.catalina.util.SessionIdGeneratorBase createSecureRandom
INFO: Creation of SecureRandom instance for session ID generation using [SHA1PRNG] took [156] milliseconds.
Dec 17, 2015 12:13:18 PM org.apache.catalina.startup.HostConfig deployWAR
INFO: Deployment of web application archive E:\Ajit\MMM\apache-tomcat-7.0.67\webapps\gswm-web.war has finished in 421 ms
Dec 17, 2015 12:13:18 PM org.apache.catalina.startup.HostConfig deployWAR
INFO: Deploying web application archive E:\Ajit\MMM\apache-tomcat-7.0.67\webapps\my_first_project.war
Dec 17, 2015 12:13:18 PM org.apache.catalina.startup.HostConfig deployWAR
INFO: Deployment of web application archive E:\Ajit\MMM\apache-tomcat-7.0.67\webapps\my_first_project.war has finished in 78 ms
Dec 17, 2015 12:13:18 PM org.apache.catalina.startup.HostConfig deployWAR
INFO: Deploying web application archive E:\Ajit\MMM\apache-tomcat-7.0.67\webapps\newone.war
Dec 17, 2015 12:13:18 PM org.apache.catalina.startup.HostConfig deployWAR
INFO: Deployment of web application archive E:\Ajit\MMM\apache-tomcat-7.0.67\webapps\newone.war has finished in 62 ms
Dec 17, 2015 12:13:18 PM org.apache.catalina.startup.HostConfig deployWAR
INFO: Deploying web application archive E:\Ajit\MMM\apache-tomcat-7.0.67\webapps\samplewebsite-3.0.war
Dec 17, 2015 12:13:18 PM org.apache.catalina.startup.HostConfig deployWAR
INFO: Deployment of web application archive E:\Ajit\MMM\apache-tomcat-7.0.67\webapps\samplewebsite-3.0.war has finished in 63 ms
Dec 17, 2015 12:13:18 PM org.apache.catalina.startup.HostConfig deployDirectory
INFO: Deploying web application directory E:\Ajit\MMM\apache-tomcat-7.0.67\webapps\docs
Dec 17, 2015 12:13:18 PM org.apache.catalina.startup.HostConfig deployDirectory
INFO: Deployment of web application directory E:\Ajit\MMM\apache-tomcat-7.0.67\webapps\docs has finished in 47 ms
Dec 17, 2015 12:13:18 PM org.apache.catalina.startup.HostConfig deployDirectory
INFO: Deploying web application directory E:\Ajit\MMM\apache-tomcat-7.0.67\webapps\examples
Dec 17, 2015 12:13:19 PM org.apache.catalina.startup.HostConfig deployDirectory
INFO: Deployment of web application directory E:\Ajit\MMM\apache-tomcat-7.0.67\webapps\examples has finished in 265 ms
Dec 17, 2015 12:13:19 PM org.apache.catalina.startup.HostConfig deployDirectory
INFO: Deploying web application directory E:\Ajit\MMM\apache-tomcat-7.0.67\webapps\host-manager
Dec 17, 2015 12:13:19 PM org.apache.catalina.startup.HostConfig deployDirectory
INFO: Deployment of web application directory E:\Ajit\MMM\apache-tomcat-7.0.67\webapps\host-manager has finished in 78 ms
Dec 17, 2015 12:13:19 PM org.apache.catalina.startup.HostConfig deployDirectory
INFO: Deploying web application directory E:\Ajit\MMM\apache-tomcat-7.0.67\webapps\manager
Dec 17, 2015 12:13:19 PM org.apache.catalina.startup.HostConfig deployDirectory
INFO: Deployment of web application directory E:\Ajit\MMM\apache-tomcat-7.0.67\webapps\manager has finished in 47 ms
Dec 17, 2015 12:13:19 PM org.apache.catalina.startup.HostConfig deployDirectory
INFO: Deploying web application directory E:\Ajit\MMM\apache-tomcat-7.0.67\webapps\ROOT
Dec 17, 2015 12:13:19 PM org.apache.catalina.startup.HostConfig deployDirectory
INFO: Deployment of web application directory E:\Ajit\MMM\apache-tomcat-7.0.67\webapps\ROOT has finished in 47 ms
Dec 17, 2015 12:13:19 PM org.apache.coyote.AbstractProtocol start
INFO: Starting ProtocolHandler ["http-apr-8090"]
Dec 17, 2015 12:13:19 PM org.apache.coyote.AbstractProtocol start
INFO: Starting ProtocolHandler ["ajp-apr-8009"]
Dec 17, 2015 12:13:19 PM org.apache.catalina.startup.Catalina start
INFO: Server startup in 1186 ms
Dec 17, 2015 12:18:10 PM org.apache.catalina.startup.HostConfig undeploy
INFO: Undeploying context [/my_first_project]
Dec 17, 2015 12:18:20 PM org.apache.catalina.startup.HostConfig deployWAR
INFO: Deploying web application archive E:\Ajit\MMM\apache-tomcat-7.0.67\webapps\my_first_project.war
Dec 17, 2015 12:18:20 PM org.apache.catalina.startup.HostConfig deployWAR
INFO: Deployment of web application archive E:\Ajit\MMM\apache-tomcat-7.0.67\webapps\my_first_project.war has finished in 94 ms
Dec 17, 2015 12:26:48 PM org.apache.catalina.startup.VersionLoggerListener log
INFO: Server version:        Apache Tomcat/7.0.67
Dec 17, 2015 12:26:48 PM org.apache.catalina.startup.VersionLoggerListener log
INFO: Server built:          Dec 7 2015 13:07:11 UTC
Dec 17, 2015 12:26:48 PM org.apache.catalina.startup.VersionLoggerListener log
INFO: Server number:         7.0.67.0
Dec 17, 2015 12:26:48 PM org.apache.catalina.startup.VersionLoggerListener log
INFO: OS Name:               Windows 7
Dec 17, 2015 12:26:48 PM org.apache.catalina.startup.VersionLoggerListener log
INFO: OS Version:            6.1
Dec 17, 2015 12:26:48 PM org.apache.catalina.startup.VersionLoggerListener log
INFO: Architecture:          amd64
Dec 17, 2015 12:26:48 PM org.apache.catalina.startup.VersionLoggerListener log
INFO: Java Home:             C:\Program Files\Java\jdk1.8.0_51\jre
Dec 17, 2015 12:26:48 PM org.apache.catalina.startup.VersionLoggerListener log
INFO: JVM Version:           1.8.0_51-b16
Dec 17, 2015 12:26:48 PM org.apache.catalina.startup.VersionLoggerListener log
INFO: JVM Vendor:            Oracle Corporation
Dec 17, 2015 12:26:48 PM org.apache.catalina.startup.VersionLoggerListener log
INFO: CATALINA_BASE:         E:\Ajit\MMM\apache-tomcat-7.0.67
Dec 17, 2015 12:26:48 PM org.apache.catalina.startup.VersionLoggerListener log
INFO: CATALINA_HOME:         E:\Ajit\MMM\apache-tomcat-7.0.67
Dec 17, 2015 12:26:48 PM org.apache.catalina.startup.VersionLoggerListener log
INFO: Command line argument: -Djava.util.logging.config.file=E:\Ajit\MMM\apache-tomcat-7.0.67\conf\logging.properties
Dec 17, 2015 12:26:48 PM org.apache.catalina.startup.VersionLoggerListener log
INFO: Command line argument: -Djava.util.logging.manager=org.apache.juli.ClassLoaderLogManager
Dec 17, 2015 12:26:48 PM org.apache.catalina.startup.VersionLoggerListener log
INFO: Command line argument: -Djava.endorsed.dirs=E:\Ajit\MMM\apache-tomcat-7.0.67\endorsed
Dec 17, 2015 12:26:48 PM org.apache.catalina.startup.VersionLoggerListener log
INFO: Command line argument: -Dcatalina.base=E:\Ajit\MMM\apache-tomcat-7.0.67
Dec 17, 2015 12:26:48 PM org.apache.catalina.startup.VersionLoggerListener log
INFO: Command line argument: -Dcatalina.home=E:\Ajit\MMM\apache-tomcat-7.0.67
Dec 17, 2015 12:26:48 PM org.apache.catalina.startup.VersionLoggerListener log
INFO: Command line argument: -Djava.io.tmpdir=E:\Ajit\MMM\apache-tomcat-7.0.67\temp
Dec 17, 2015 12:26:48 PM org.apache.catalina.core.AprLifecycleListener lifecycleEvent
INFO: Loaded APR based Apache Tomcat Native library 1.1.33 using APR version 1.5.1.
Dec 17, 2015 12:26:48 PM org.apache.catalina.core.AprLifecycleListener lifecycleEvent
INFO: APR capabilities: IPv6 [true], sendfile [true], accept filters [false], random [true].
Dec 17, 2015 12:26:50 PM org.apache.catalina.core.AprLifecycleListener initializeSSL
INFO: OpenSSL successfully initialized (OpenSSL 1.0.1m 19 Mar 2015)
Dec 17, 2015 12:27:00 PM org.apache.coyote.AbstractProtocol init
INFO: Initializing ProtocolHandler ["http-apr-8090"]
Dec 17, 2015 12:27:00 PM org.apache.coyote.AbstractProtocol init
INFO: Initializing ProtocolHandler ["ajp-apr-8009"]
Dec 17, 2015 12:27:00 PM org.apache.catalina.startup.Catalina load
INFO: Initialization processed in 43657 ms
Dec 17, 2015 12:27:02 PM org.apache.catalina.core.StandardService startInternal
INFO: Starting service Catalina
Dec 17, 2015 12:27:02 PM org.apache.catalina.core.StandardEngine startInternal
INFO: Starting Servlet Engine: Apache Tomcat/7.0.67
Dec 17, 2015 12:27:03 PM org.apache.catalina.startup.HostConfig deployWAR
INFO: Deploying web application archive E:\Ajit\MMM\apache-tomcat-7.0.67\webapps\gswm-web.war
Dec 17, 2015 12:27:30 PM org.apache.catalina.util.SessionIdGeneratorBase createSecureRandom
INFO: Creation of SecureRandom instance for session ID generation using [SHA1PRNG] took [8,253] milliseconds.
Dec 17, 2015 12:27:32 PM org.apache.catalina.startup.HostConfig deployWAR
INFO: Deployment of web application archive E:\Ajit\MMM\apache-tomcat-7.0.67\webapps\gswm-web.war has finished in 29,016 ms
Dec 17, 2015 12:27:32 PM org.apache.catalina.startup.HostConfig deployWAR
INFO: Deploying web application archive E:\Ajit\MMM\apache-tomcat-7.0.67\webapps\my_first_project.war
Dec 17, 2015 12:27:34 PM org.apache.catalina.startup.HostConfig deployWAR
INFO: Deployment of web application archive E:\Ajit\MMM\apache-tomcat-7.0.67\webapps\my_first_project.war has finished in 1,326 ms
Dec 17, 2015 12:27:34 PM org.apache.catalina.startup.HostConfig deployWAR
INFO: Deploying web application archive E:\Ajit\MMM\apache-tomcat-7.0.67\webapps\newone.war
Dec 17, 2015 12:27:35 PM org.apache.catalina.startup.HostConfig deployWAR
INFO: Deployment of web application archive E:\Ajit\MMM\apache-tomcat-7.0.67\webapps\newone.war has finished in 1,029 ms
Dec 17, 2015 12:27:35 PM org.apache.catalina.startup.HostConfig deployWAR
INFO: Deploying web application archive E:\Ajit\MMM\apache-tomcat-7.0.67\webapps\samplewebsite-3.0.war
Dec 17, 2015 12:27:35 PM org.apache.catalina.startup.HostConfig deployWAR
INFO: Deployment of web application archive E:\Ajit\MMM\apache-tomcat-7.0.67\webapps\samplewebsite-3.0.war has finished in 249 ms
Dec 17, 2015 12:27:35 PM org.apache.catalina.startup.HostConfig deployDirectory
INFO: Deploying web application directory E:\Ajit\MMM\apache-tomcat-7.0.67\webapps\docs
Dec 17, 2015 12:27:37 PM org.apache.catalina.startup.HostConfig deployDirectory
INFO: Deployment of web application directory E:\Ajit\MMM\apache-tomcat-7.0.67\webapps\docs has finished in 1,232 ms
Dec 17, 2015 12:27:37 PM org.apache.catalina.startup.HostConfig deployDirectory
INFO: Deploying web application directory E:\Ajit\MMM\apache-tomcat-7.0.67\webapps\examples
Dec 17, 2015 12:28:16 PM org.apache.catalina.startup.HostConfig deployDirectory
INFO: Deployment of web application directory E:\Ajit\MMM\apache-tomcat-7.0.67\webapps\examples has finished in 38,906 ms
Dec 17, 2015 12:28:16 PM org.apache.catalina.startup.HostConfig deployDirectory
INFO: Deploying web application directory E:\Ajit\MMM\apache-tomcat-7.0.67\webapps\host-manager
Dec 17, 2015 12:28:17 PM org.apache.catalina.startup.HostConfig deployDirectory
INFO: Deployment of web application directory E:\Ajit\MMM\apache-tomcat-7.0.67\webapps\host-manager has finished in 1,248 ms
Dec 17, 2015 12:28:17 PM org.apache.catalina.startup.HostConfig deployDirectory
INFO: Deploying web application directory E:\Ajit\MMM\apache-tomcat-7.0.67\webapps\manager
Dec 17, 2015 12:28:17 PM org.apache.catalina.startup.HostConfig deployDirectory
INFO: Deployment of web application directory E:\Ajit\MMM\apache-tomcat-7.0.67\webapps\manager has finished in 468 ms
Dec 17, 2015 12:28:17 PM org.apache.catalina.startup.HostConfig deployDirectory
INFO: Deploying web application directory E:\Ajit\MMM\apache-tomcat-7.0.67\webapps\ROOT
Dec 17, 2015 12:28:18 PM org.apache.catalina.startup.HostConfig deployDirectory
INFO: Deployment of web application directory E:\Ajit\MMM\apache-tomcat-7.0.67\webapps\ROOT has finished in 406 ms
Dec 17, 2015 12:28:18 PM org.apache.coyote.AbstractProtocol start
INFO: Starting ProtocolHandler ["http-apr-8090"]
Dec 17, 2015 12:28:18 PM org.apache.coyote.AbstractProtocol start
INFO: Starting ProtocolHandler ["ajp-apr-8009"]
Dec 17, 2015 12:28:18 PM org.apache.catalina.startup.Catalina start
INFO: Server startup in 77620 ms
Dec 17, 2015 2:32:22 PM org.apache.coyote.AbstractProtocol pause
INFO: Pausing ProtocolHandler ["http-apr-8090"]
Dec 17, 2015 2:32:22 PM org.apache.coyote.AbstractProtocol pause
INFO: Pausing ProtocolHandler ["ajp-apr-8009"]
Dec 17, 2015 2:32:22 PM org.apache.catalina.core.StandardService stopInternal
INFO: Stopping service Catalina
Dec 17, 2015 2:32:22 PM org.apache.coyote.AbstractProtocol stop
INFO: Stopping ProtocolHandler ["http-apr-8090"]
Dec 17, 2015 2:32:22 PM org.apache.coyote.AbstractProtocol stop
INFO: Stopping ProtocolHandler ["ajp-apr-8009"]
Dec 17, 2015 2:32:22 PM org.apache.coyote.AbstractProtocol destroy
INFO: Destroying ProtocolHandler ["http-apr-8090"]
Dec 17, 2015 2:32:22 PM org.apache.coyote.AbstractProtocol destroy
INFO: Destroying ProtocolHandler ["ajp-apr-8009"]
