Dec 16, 2015 3:20:46 PM org.apache.catalina.startup.VersionLoggerListener log
INFO: Server version:        Apache Tomcat/7.0.67
Dec 16, 2015 3:20:46 PM org.apache.catalina.startup.VersionLoggerListener log
INFO: Server built:          Dec 7 2015 13:07:11 UTC
Dec 16, 2015 3:20:46 PM org.apache.catalina.startup.VersionLoggerListener log
INFO: Server number:         7.0.67.0
Dec 16, 2015 3:20:46 PM org.apache.catalina.startup.VersionLoggerListener log
INFO: OS Name:               Windows 7
Dec 16, 2015 3:20:46 PM org.apache.catalina.startup.VersionLoggerListener log
INFO: OS Version:            6.1
Dec 16, 2015 3:20:46 PM org.apache.catalina.startup.VersionLoggerListener log
INFO: Architecture:          amd64
Dec 16, 2015 3:20:46 PM org.apache.catalina.startup.VersionLoggerListener log
INFO: Java Home:             C:\Program Files\Java\jdk1.8.0_51\jre
Dec 16, 2015 3:20:46 PM org.apache.catalina.startup.VersionLoggerListener log
INFO: JVM Version:           1.8.0_51-b16
Dec 16, 2015 3:20:46 PM org.apache.catalina.startup.VersionLoggerListener log
INFO: JVM Vendor:            Oracle Corporation
Dec 16, 2015 3:20:46 PM org.apache.catalina.startup.VersionLoggerListener log
INFO: CATALINA_BASE:         E:\Ajit\MMM\apache-tomcat-7.0.67
Dec 16, 2015 3:20:46 PM org.apache.catalina.startup.VersionLoggerListener log
INFO: CATALINA_HOME:         E:\Ajit\MMM\apache-tomcat-7.0.67
Dec 16, 2015 3:20:46 PM org.apache.catalina.startup.VersionLoggerListener log
INFO: Command line argument: -Djava.util.logging.config.file=E:\Ajit\MMM\apache-tomcat-7.0.67\conf\logging.properties
Dec 16, 2015 3:20:46 PM org.apache.catalina.startup.VersionLoggerListener log
INFO: Command line argument: -Djava.util.logging.manager=org.apache.juli.ClassLoaderLogManager
Dec 16, 2015 3:20:46 PM org.apache.catalina.startup.VersionLoggerListener log
INFO: Command line argument: -Djava.endorsed.dirs=E:\Ajit\MMM\apache-tomcat-7.0.67\endorsed
Dec 16, 2015 3:20:46 PM org.apache.catalina.startup.VersionLoggerListener log
INFO: Command line argument: -Dcatalina.base=E:\Ajit\MMM\apache-tomcat-7.0.67
Dec 16, 2015 3:20:46 PM org.apache.catalina.startup.VersionLoggerListener log
INFO: Command line argument: -Dcatalina.home=E:\Ajit\MMM\apache-tomcat-7.0.67
Dec 16, 2015 3:20:46 PM org.apache.catalina.startup.VersionLoggerListener log
INFO: Command line argument: -Djava.io.tmpdir=E:\Ajit\MMM\apache-tomcat-7.0.67\temp
Dec 16, 2015 3:20:46 PM org.apache.catalina.core.AprLifecycleListener lifecycleEvent
INFO: Loaded APR based Apache Tomcat Native library 1.1.33 using APR version 1.5.1.
Dec 16, 2015 3:20:46 PM org.apache.catalina.core.AprLifecycleListener lifecycleEvent
INFO: APR capabilities: IPv6 [true], sendfile [true], accept filters [false], random [true].
Dec 16, 2015 3:20:47 PM org.apache.catalina.core.AprLifecycleListener initializeSSL
INFO: OpenSSL successfully initialized (OpenSSL 1.0.1m 19 Mar 2015)
Dec 16, 2015 3:20:47 PM org.apache.coyote.AbstractProtocol init
INFO: Initializing ProtocolHandler ["http-apr-8080"]
Dec 16, 2015 3:20:47 PM org.apache.coyote.AbstractProtocol init
INFO: Initializing ProtocolHandler ["ajp-apr-8009"]
Dec 16, 2015 3:20:47 PM org.apache.catalina.startup.Catalina load
INFO: Initialization processed in 2112 ms
Dec 16, 2015 3:20:47 PM org.apache.catalina.core.StandardService startInternal
INFO: Starting service Catalina
Dec 16, 2015 3:20:47 PM org.apache.catalina.core.StandardEngine startInternal
INFO: Starting Servlet Engine: Apache Tomcat/7.0.67
Dec 16, 2015 3:20:47 PM org.apache.catalina.startup.HostConfig deployDirectory
INFO: Deploying web application directory E:\Ajit\MMM\apache-tomcat-7.0.67\webapps\docs
Dec 16, 2015 3:20:48 PM org.apache.catalina.util.SessionIdGeneratorBase createSecureRandom
INFO: Creation of SecureRandom instance for session ID generation using [SHA1PRNG] took [156] milliseconds.
Dec 16, 2015 3:20:48 PM org.apache.catalina.startup.HostConfig deployDirectory
INFO: Deployment of web application directory E:\Ajit\MMM\apache-tomcat-7.0.67\webapps\docs has finished in 609 ms
Dec 16, 2015 3:20:48 PM org.apache.catalina.startup.HostConfig deployDirectory
INFO: Deploying web application directory E:\Ajit\MMM\apache-tomcat-7.0.67\webapps\examples
Dec 16, 2015 3:20:49 PM org.apache.catalina.startup.HostConfig deployDirectory
INFO: Deployment of web application directory E:\Ajit\MMM\apache-tomcat-7.0.67\webapps\examples has finished in 1,045 ms
Dec 16, 2015 3:20:49 PM org.apache.catalina.startup.HostConfig deployDirectory
INFO: Deploying web application directory E:\Ajit\MMM\apache-tomcat-7.0.67\webapps\host-manager
Dec 16, 2015 3:20:49 PM org.apache.catalina.startup.HostConfig deployDirectory
INFO: Deployment of web application directory E:\Ajit\MMM\apache-tomcat-7.0.67\webapps\host-manager has finished in 78 ms
Dec 16, 2015 3:20:49 PM org.apache.catalina.startup.HostConfig deployDirectory
INFO: Deploying web application directory E:\Ajit\MMM\apache-tomcat-7.0.67\webapps\manager
Dec 16, 2015 3:20:49 PM org.apache.catalina.startup.HostConfig deployDirectory
INFO: Deployment of web application directory E:\Ajit\MMM\apache-tomcat-7.0.67\webapps\manager has finished in 62 ms
Dec 16, 2015 3:20:49 PM org.apache.catalina.startup.HostConfig deployDirectory
INFO: Deploying web application directory E:\Ajit\MMM\apache-tomcat-7.0.67\webapps\ROOT
Dec 16, 2015 3:20:49 PM org.apache.catalina.startup.HostConfig deployDirectory
INFO: Deployment of web application directory E:\Ajit\MMM\apache-tomcat-7.0.67\webapps\ROOT has finished in 47 ms
Dec 16, 2015 3:20:49 PM org.apache.coyote.AbstractProtocol start
INFO: Starting ProtocolHandler ["http-apr-8080"]
Dec 16, 2015 3:20:49 PM org.apache.coyote.AbstractProtocol start
INFO: Starting ProtocolHandler ["ajp-apr-8009"]
Dec 16, 2015 3:20:49 PM org.apache.catalina.startup.Catalina start
INFO: Server startup in 1941 ms
Dec 16, 2015 3:36:57 PM org.apache.coyote.AbstractProtocol pause
INFO: Pausing ProtocolHandler ["http-apr-8080"]
Dec 16, 2015 3:36:57 PM org.apache.coyote.AbstractProtocol pause
INFO: Pausing ProtocolHandler ["ajp-apr-8009"]
Dec 16, 2015 3:36:57 PM org.apache.catalina.core.StandardService stopInternal
INFO: Stopping service Catalina
Dec 16, 2015 3:36:58 PM org.apache.coyote.AbstractProtocol stop
INFO: Stopping ProtocolHandler ["http-apr-8080"]
Dec 16, 2015 3:36:58 PM org.apache.coyote.AbstractProtocol stop
INFO: Stopping ProtocolHandler ["ajp-apr-8009"]
Dec 16, 2015 3:36:58 PM org.apache.coyote.AbstractProtocol destroy
INFO: Destroying ProtocolHandler ["http-apr-8080"]
Dec 16, 2015 3:36:58 PM org.apache.coyote.AbstractProtocol destroy
INFO: Destroying ProtocolHandler ["ajp-apr-8009"]
Dec 16, 2015 3:38:39 PM org.apache.catalina.startup.VersionLoggerListener log
INFO: Server version:        Apache Tomcat/7.0.67
Dec 16, 2015 3:38:39 PM org.apache.catalina.startup.VersionLoggerListener log
INFO: Server built:          Dec 7 2015 13:07:11 UTC
Dec 16, 2015 3:38:39 PM org.apache.catalina.startup.VersionLoggerListener log
INFO: Server number:         7.0.67.0
Dec 16, 2015 3:38:39 PM org.apache.catalina.startup.VersionLoggerListener log
INFO: OS Name:               Windows 7
Dec 16, 2015 3:38:39 PM org.apache.catalina.startup.VersionLoggerListener log
INFO: OS Version:            6.1
Dec 16, 2015 3:38:39 PM org.apache.catalina.startup.VersionLoggerListener log
INFO: Architecture:          amd64
Dec 16, 2015 3:38:39 PM org.apache.catalina.startup.VersionLoggerListener log
INFO: Java Home:             C:\Program Files\Java\jdk1.8.0_51\jre
Dec 16, 2015 3:38:39 PM org.apache.catalina.startup.VersionLoggerListener log
INFO: JVM Version:           1.8.0_51-b16
Dec 16, 2015 3:38:39 PM org.apache.catalina.startup.VersionLoggerListener log
INFO: JVM Vendor:            Oracle Corporation
Dec 16, 2015 3:38:39 PM org.apache.catalina.startup.VersionLoggerListener log
INFO: CATALINA_BASE:         E:\Ajit\MMM\apache-tomcat-7.0.67
Dec 16, 2015 3:38:39 PM org.apache.catalina.startup.VersionLoggerListener log
INFO: CATALINA_HOME:         E:\Ajit\MMM\apache-tomcat-7.0.67
Dec 16, 2015 3:38:39 PM org.apache.catalina.startup.VersionLoggerListener log
INFO: Command line argument: -Djava.util.logging.config.file=E:\Ajit\MMM\apache-tomcat-7.0.67\conf\logging.properties
Dec 16, 2015 3:38:39 PM org.apache.catalina.startup.VersionLoggerListener log
INFO: Command line argument: -Djava.util.logging.manager=org.apache.juli.ClassLoaderLogManager
Dec 16, 2015 3:38:39 PM org.apache.catalina.startup.VersionLoggerListener log
INFO: Command line argument: -Djava.endorsed.dirs=E:\Ajit\MMM\apache-tomcat-7.0.67\endorsed
Dec 16, 2015 3:38:39 PM org.apache.catalina.startup.VersionLoggerListener log
INFO: Command line argument: -Dcatalina.base=E:\Ajit\MMM\apache-tomcat-7.0.67
Dec 16, 2015 3:38:39 PM org.apache.catalina.startup.VersionLoggerListener log
INFO: Command line argument: -Dcatalina.home=E:\Ajit\MMM\apache-tomcat-7.0.67
Dec 16, 2015 3:38:39 PM org.apache.catalina.startup.VersionLoggerListener log
INFO: Command line argument: -Djava.io.tmpdir=E:\Ajit\MMM\apache-tomcat-7.0.67\temp
Dec 16, 2015 3:38:39 PM org.apache.catalina.core.AprLifecycleListener lifecycleEvent
INFO: Loaded APR based Apache Tomcat Native library 1.1.33 using APR version 1.5.1.
Dec 16, 2015 3:38:39 PM org.apache.catalina.core.AprLifecycleListener lifecycleEvent
INFO: APR capabilities: IPv6 [true], sendfile [true], accept filters [false], random [true].
Dec 16, 2015 3:38:39 PM org.apache.catalina.core.AprLifecycleListener initializeSSL
INFO: OpenSSL successfully initialized (OpenSSL 1.0.1m 19 Mar 2015)
Dec 16, 2015 3:38:40 PM org.apache.coyote.AbstractProtocol init
INFO: Initializing ProtocolHandler ["http-apr-8080"]
Dec 16, 2015 3:38:40 PM org.apache.coyote.AbstractProtocol init
INFO: Initializing ProtocolHandler ["ajp-apr-8009"]
Dec 16, 2015 3:38:40 PM org.apache.catalina.startup.Catalina load
INFO: Initialization processed in 1244 ms
Dec 16, 2015 3:38:40 PM org.apache.catalina.core.StandardService startInternal
INFO: Starting service Catalina
Dec 16, 2015 3:38:40 PM org.apache.catalina.core.StandardEngine startInternal
INFO: Starting Servlet Engine: Apache Tomcat/7.0.67
Dec 16, 2015 3:38:40 PM org.apache.catalina.startup.HostConfig deployWAR
INFO: Deploying web application archive E:\Ajit\MMM\apache-tomcat-7.0.67\webapps\newone.war
Dec 16, 2015 3:38:40 PM org.apache.catalina.util.SessionIdGeneratorBase createSecureRandom
INFO: Creation of SecureRandom instance for session ID generation using [SHA1PRNG] took [156] milliseconds.
Dec 16, 2015 3:38:40 PM org.apache.catalina.startup.HostConfig deployWAR
INFO: Deployment of web application archive E:\Ajit\MMM\apache-tomcat-7.0.67\webapps\newone.war has finished in 468 ms
Dec 16, 2015 3:38:40 PM org.apache.catalina.startup.HostConfig deployDirectory
INFO: Deploying web application directory E:\Ajit\MMM\apache-tomcat-7.0.67\webapps\docs
Dec 16, 2015 3:38:40 PM org.apache.catalina.startup.HostConfig deployDirectory
INFO: Deployment of web application directory E:\Ajit\MMM\apache-tomcat-7.0.67\webapps\docs has finished in 62 ms
Dec 16, 2015 3:38:40 PM org.apache.catalina.startup.HostConfig deployDirectory
INFO: Deploying web application directory E:\Ajit\MMM\apache-tomcat-7.0.67\webapps\examples
Dec 16, 2015 3:38:40 PM org.apache.catalina.startup.HostConfig deployDirectory
INFO: Deployment of web application directory E:\Ajit\MMM\apache-tomcat-7.0.67\webapps\examples has finished in 297 ms
Dec 16, 2015 3:38:40 PM org.apache.catalina.startup.HostConfig deployDirectory
INFO: Deploying web application directory E:\Ajit\MMM\apache-tomcat-7.0.67\webapps\host-manager
Dec 16, 2015 3:38:40 PM org.apache.catalina.startup.HostConfig deployDirectory
INFO: Deployment of web application directory E:\Ajit\MMM\apache-tomcat-7.0.67\webapps\host-manager has finished in 46 ms
Dec 16, 2015 3:38:40 PM org.apache.catalina.startup.HostConfig deployDirectory
INFO: Deploying web application directory E:\Ajit\MMM\apache-tomcat-7.0.67\webapps\manager
Dec 16, 2015 3:38:41 PM org.apache.catalina.startup.HostConfig deployDirectory
INFO: Deployment of web application directory E:\Ajit\MMM\apache-tomcat-7.0.67\webapps\manager has finished in 47 ms
Dec 16, 2015 3:38:41 PM org.apache.catalina.startup.HostConfig deployDirectory
INFO: Deploying web application directory E:\Ajit\MMM\apache-tomcat-7.0.67\webapps\ROOT
Dec 16, 2015 3:38:41 PM org.apache.catalina.startup.HostConfig deployDirectory
INFO: Deployment of web application directory E:\Ajit\MMM\apache-tomcat-7.0.67\webapps\ROOT has finished in 47 ms
Dec 16, 2015 3:38:41 PM org.apache.coyote.AbstractProtocol start
INFO: Starting ProtocolHandler ["http-apr-8080"]
Dec 16, 2015 3:38:41 PM org.apache.coyote.AbstractProtocol start
INFO: Starting ProtocolHandler ["ajp-apr-8009"]
Dec 16, 2015 3:38:41 PM org.apache.catalina.startup.Catalina start
INFO: Server startup in 1062 ms
Dec 16, 2015 4:18:29 PM org.apache.coyote.AbstractProtocol pause
INFO: Pausing ProtocolHandler ["http-apr-8080"]
Dec 16, 2015 4:18:29 PM org.apache.coyote.AbstractProtocol pause
INFO: Pausing ProtocolHandler ["ajp-apr-8009"]
Dec 16, 2015 4:18:29 PM org.apache.catalina.core.StandardService stopInternal
INFO: Stopping service Catalina
Dec 16, 2015 4:18:29 PM org.apache.coyote.AbstractProtocol stop
INFO: Stopping ProtocolHandler ["http-apr-8080"]
Dec 16, 2015 4:18:29 PM org.apache.coyote.AbstractProtocol stop
INFO: Stopping ProtocolHandler ["ajp-apr-8009"]
Dec 16, 2015 4:18:29 PM org.apache.coyote.AbstractProtocol destroy
INFO: Destroying ProtocolHandler ["http-apr-8080"]
Dec 16, 2015 4:18:29 PM org.apache.coyote.AbstractProtocol destroy
INFO: Destroying ProtocolHandler ["ajp-apr-8009"]
Dec 16, 2015 4:18:32 PM org.apache.catalina.startup.VersionLoggerListener log
INFO: Server version:        Apache Tomcat/7.0.67
Dec 16, 2015 4:18:32 PM org.apache.catalina.startup.VersionLoggerListener log
INFO: Server built:          Dec 7 2015 13:07:11 UTC
Dec 16, 2015 4:18:32 PM org.apache.catalina.startup.VersionLoggerListener log
INFO: Server number:         7.0.67.0
Dec 16, 2015 4:18:32 PM org.apache.catalina.startup.VersionLoggerListener log
INFO: OS Name:               Windows 7
Dec 16, 2015 4:18:32 PM org.apache.catalina.startup.VersionLoggerListener log
INFO: OS Version:            6.1
Dec 16, 2015 4:18:32 PM org.apache.catalina.startup.VersionLoggerListener log
INFO: Architecture:          amd64
Dec 16, 2015 4:18:32 PM org.apache.catalina.startup.VersionLoggerListener log
INFO: Java Home:             C:\Program Files\Java\jdk1.8.0_51\jre
Dec 16, 2015 4:18:32 PM org.apache.catalina.startup.VersionLoggerListener log
INFO: JVM Version:           1.8.0_51-b16
Dec 16, 2015 4:18:32 PM org.apache.catalina.startup.VersionLoggerListener log
INFO: JVM Vendor:            Oracle Corporation
Dec 16, 2015 4:18:32 PM org.apache.catalina.startup.VersionLoggerListener log
INFO: CATALINA_BASE:         E:\Ajit\MMM\apache-tomcat-7.0.67
Dec 16, 2015 4:18:32 PM org.apache.catalina.startup.VersionLoggerListener log
INFO: CATALINA_HOME:         E:\Ajit\MMM\apache-tomcat-7.0.67
Dec 16, 2015 4:18:32 PM org.apache.catalina.startup.VersionLoggerListener log
INFO: Command line argument: -Djava.util.logging.config.file=E:\Ajit\MMM\apache-tomcat-7.0.67\conf\logging.properties
Dec 16, 2015 4:18:32 PM org.apache.catalina.startup.VersionLoggerListener log
INFO: Command line argument: -Djava.util.logging.manager=org.apache.juli.ClassLoaderLogManager
Dec 16, 2015 4:18:32 PM org.apache.catalina.startup.VersionLoggerListener log
INFO: Command line argument: -Djava.endorsed.dirs=E:\Ajit\MMM\apache-tomcat-7.0.67\endorsed
Dec 16, 2015 4:18:32 PM org.apache.catalina.startup.VersionLoggerListener log
INFO: Command line argument: -Dcatalina.base=E:\Ajit\MMM\apache-tomcat-7.0.67
Dec 16, 2015 4:18:32 PM org.apache.catalina.startup.VersionLoggerListener log
INFO: Command line argument: -Dcatalina.home=E:\Ajit\MMM\apache-tomcat-7.0.67
Dec 16, 2015 4:18:32 PM org.apache.catalina.startup.VersionLoggerListener log
INFO: Command line argument: -Djava.io.tmpdir=E:\Ajit\MMM\apache-tomcat-7.0.67\temp
Dec 16, 2015 4:18:32 PM org.apache.catalina.core.AprLifecycleListener lifecycleEvent
INFO: Loaded APR based Apache Tomcat Native library 1.1.33 using APR version 1.5.1.
Dec 16, 2015 4:18:32 PM org.apache.catalina.core.AprLifecycleListener lifecycleEvent
INFO: APR capabilities: IPv6 [true], sendfile [true], accept filters [false], random [true].
Dec 16, 2015 4:18:33 PM org.apache.catalina.core.AprLifecycleListener initializeSSL
INFO: OpenSSL successfully initialized (OpenSSL 1.0.1m 19 Mar 2015)
Dec 16, 2015 4:18:33 PM org.apache.coyote.AbstractProtocol init
INFO: Initializing ProtocolHandler ["http-apr-8080"]
Dec 16, 2015 4:18:33 PM org.apache.coyote.AbstractProtocol init
INFO: Initializing ProtocolHandler ["ajp-apr-8009"]
Dec 16, 2015 4:18:33 PM org.apache.catalina.startup.Catalina load
INFO: Initialization processed in 1268 ms
Dec 16, 2015 4:18:33 PM org.apache.catalina.core.StandardService startInternal
INFO: Starting service Catalina
Dec 16, 2015 4:18:33 PM org.apache.catalina.core.StandardEngine startInternal
INFO: Starting Servlet Engine: Apache Tomcat/7.0.67
Dec 16, 2015 4:18:33 PM org.apache.catalina.startup.HostConfig deployWAR
INFO: Deploying web application archive E:\Ajit\MMM\apache-tomcat-7.0.67\webapps\newone.war
Dec 16, 2015 4:18:33 PM org.apache.catalina.util.SessionIdGeneratorBase createSecureRandom
INFO: Creation of SecureRandom instance for session ID generation using [SHA1PRNG] took [154] milliseconds.
Dec 16, 2015 4:18:33 PM org.apache.catalina.startup.HostConfig deployWAR
INFO: Deployment of web application archive E:\Ajit\MMM\apache-tomcat-7.0.67\webapps\newone.war has finished in 433 ms
Dec 16, 2015 4:18:33 PM org.apache.catalina.startup.HostConfig deployDirectory
INFO: Deploying web application directory E:\Ajit\MMM\apache-tomcat-7.0.67\webapps\docs
Dec 16, 2015 4:18:33 PM org.apache.catalina.startup.HostConfig deployDirectory
INFO: Deployment of web application directory E:\Ajit\MMM\apache-tomcat-7.0.67\webapps\docs has finished in 58 ms
Dec 16, 2015 4:18:33 PM org.apache.catalina.startup.HostConfig deployDirectory
INFO: Deploying web application directory E:\Ajit\MMM\apache-tomcat-7.0.67\webapps\examples
Dec 16, 2015 4:18:34 PM org.apache.catalina.startup.HostConfig deployDirectory
INFO: Deployment of web application directory E:\Ajit\MMM\apache-tomcat-7.0.67\webapps\examples has finished in 291 ms
Dec 16, 2015 4:18:34 PM org.apache.catalina.startup.HostConfig deployDirectory
INFO: Deploying web application directory E:\Ajit\MMM\apache-tomcat-7.0.67\webapps\host-manager
Dec 16, 2015 4:18:34 PM org.apache.catalina.startup.HostConfig deployDirectory
INFO: Deployment of web application directory E:\Ajit\MMM\apache-tomcat-7.0.67\webapps\host-manager has finished in 62 ms
Dec 16, 2015 4:18:34 PM org.apache.catalina.startup.HostConfig deployDirectory
INFO: Deploying web application directory E:\Ajit\MMM\apache-tomcat-7.0.67\webapps\manager
Dec 16, 2015 4:18:34 PM org.apache.catalina.startup.HostConfig deployDirectory
INFO: Deployment of web application directory E:\Ajit\MMM\apache-tomcat-7.0.67\webapps\manager has finished in 58 ms
Dec 16, 2015 4:18:34 PM org.apache.catalina.startup.HostConfig deployDirectory
INFO: Deploying web application directory E:\Ajit\MMM\apache-tomcat-7.0.67\webapps\ROOT
Dec 16, 2015 4:18:34 PM org.apache.catalina.startup.HostConfig deployDirectory
INFO: Deployment of web application directory E:\Ajit\MMM\apache-tomcat-7.0.67\webapps\ROOT has finished in 43 ms
Dec 16, 2015 4:18:34 PM org.apache.coyote.AbstractProtocol start
INFO: Starting ProtocolHandler ["http-apr-8080"]
Dec 16, 2015 4:18:34 PM org.apache.coyote.AbstractProtocol start
INFO: Starting ProtocolHandler ["ajp-apr-8009"]
Dec 16, 2015 4:18:34 PM org.apache.catalina.startup.Catalina start
INFO: Server startup in 1032 ms
Dec 16, 2015 4:40:08 PM org.apache.coyote.AbstractProtocol pause
INFO: Pausing ProtocolHandler ["http-apr-8080"]
Dec 16, 2015 4:40:08 PM org.apache.coyote.AbstractProtocol pause
INFO: Pausing ProtocolHandler ["ajp-apr-8009"]
Dec 16, 2015 4:40:08 PM org.apache.catalina.core.StandardService stopInternal
INFO: Stopping service Catalina
Dec 16, 2015 4:40:08 PM org.apache.coyote.AbstractProtocol stop
INFO: Stopping ProtocolHandler ["http-apr-8080"]
Dec 16, 2015 4:40:08 PM org.apache.coyote.AbstractProtocol stop
INFO: Stopping ProtocolHandler ["ajp-apr-8009"]
Dec 16, 2015 4:40:08 PM org.apache.coyote.AbstractProtocol destroy
INFO: Destroying ProtocolHandler ["http-apr-8080"]
Dec 16, 2015 4:40:08 PM org.apache.coyote.AbstractProtocol destroy
INFO: Destroying ProtocolHandler ["ajp-apr-8009"]
