Dec 17, 2015 10:47:51 AM org.apache.catalina.core.ApplicationContext log
INFO: ContextListener: contextInitialized()
Dec 17, 2015 10:47:51 AM org.apache.catalina.core.ApplicationContext log
INFO: SessionListener: contextInitialized()
Dec 17, 2015 10:47:51 AM org.apache.catalina.core.ApplicationContext log
INFO: ContextListener: attributeAdded('org.apache.jasper.compiler.TldLocationsCache', 'org.apache.jasper.compiler.TldLocationsCache@5374eb24')
Dec 17, 2015 10:50:54 AM org.apache.catalina.core.ApplicationContext log
INFO: SessionListener: contextDestroyed()
Dec 17, 2015 10:50:54 AM org.apache.catalina.core.ApplicationContext log
INFO: ContextListener: contextDestroyed()
Dec 17, 2015 10:51:01 AM org.apache.catalina.core.ApplicationContext log
INFO: ContextListener: contextInitialized()
Dec 17, 2015 10:51:01 AM org.apache.catalina.core.ApplicationContext log
INFO: SessionListener: contextInitialized()
Dec 17, 2015 10:51:01 AM org.apache.catalina.core.ApplicationContext log
INFO: ContextListener: attributeAdded('org.apache.jasper.compiler.TldLocationsCache', 'org.apache.jasper.compiler.TldLocationsCache@27fc4cb6')
Dec 17, 2015 11:14:17 AM org.apache.catalina.core.ApplicationContext log
INFO: SessionListener: contextDestroyed()
Dec 17, 2015 11:14:17 AM org.apache.catalina.core.ApplicationContext log
INFO: ContextListener: contextDestroyed()
Dec 17, 2015 11:14:55 AM org.apache.catalina.core.ApplicationContext log
INFO: ContextListener: contextInitialized()
Dec 17, 2015 11:14:55 AM org.apache.catalina.core.ApplicationContext log
INFO: SessionListener: contextInitialized()
Dec 17, 2015 11:14:55 AM org.apache.catalina.core.ApplicationContext log
INFO: ContextListener: attributeAdded('org.apache.jasper.compiler.TldLocationsCache', 'org.apache.jasper.compiler.TldLocationsCache@6da7b64a')
Dec 17, 2015 11:37:10 AM org.apache.catalina.core.ApplicationContext log
INFO: SessionListener: contextDestroyed()
Dec 17, 2015 11:37:10 AM org.apache.catalina.core.ApplicationContext log
INFO: ContextListener: contextDestroyed()
Dec 17, 2015 11:37:16 AM org.apache.catalina.core.ApplicationContext log
INFO: ContextListener: contextInitialized()
Dec 17, 2015 11:37:16 AM org.apache.catalina.core.ApplicationContext log
INFO: SessionListener: contextInitialized()
Dec 17, 2015 11:37:16 AM org.apache.catalina.core.ApplicationContext log
INFO: ContextListener: attributeAdded('org.apache.jasper.compiler.TldLocationsCache', 'org.apache.jasper.compiler.TldLocationsCache@5bbfef52')
Dec 17, 2015 11:37:51 AM org.apache.catalina.core.ApplicationContext log
INFO: SessionListener: contextDestroyed()
Dec 17, 2015 11:37:51 AM org.apache.catalina.core.ApplicationContext log
INFO: ContextListener: contextDestroyed()
Dec 17, 2015 11:37:56 AM org.apache.catalina.core.ApplicationContext log
INFO: ContextListener: contextInitialized()
Dec 17, 2015 11:37:56 AM org.apache.catalina.core.ApplicationContext log
INFO: SessionListener: contextInitialized()
Dec 17, 2015 11:37:56 AM org.apache.catalina.core.ApplicationContext log
INFO: ContextListener: attributeAdded('org.apache.jasper.compiler.TldLocationsCache', 'org.apache.jasper.compiler.TldLocationsCache@5bbfef52')
Dec 17, 2015 12:13:13 PM org.apache.catalina.core.ApplicationContext log
INFO: SessionListener: contextDestroyed()
Dec 17, 2015 12:13:13 PM org.apache.catalina.core.ApplicationContext log
INFO: ContextListener: contextDestroyed()
Dec 17, 2015 12:13:19 PM org.apache.catalina.core.ApplicationContext log
INFO: ContextListener: contextInitialized()
Dec 17, 2015 12:13:19 PM org.apache.catalina.core.ApplicationContext log
INFO: SessionListener: contextInitialized()
Dec 17, 2015 12:13:19 PM org.apache.catalina.core.ApplicationContext log
INFO: ContextListener: attributeAdded('org.apache.jasper.compiler.TldLocationsCache', 'org.apache.jasper.compiler.TldLocationsCache@79c6b646')
Dec 17, 2015 12:28:15 PM org.apache.catalina.core.ApplicationContext log
INFO: ContextListener: contextInitialized()
Dec 17, 2015 12:28:15 PM org.apache.catalina.core.ApplicationContext log
INFO: SessionListener: contextInitialized()
Dec 17, 2015 12:28:16 PM org.apache.catalina.core.ApplicationContext log
INFO: ContextListener: attributeAdded('org.apache.jasper.compiler.TldLocationsCache', 'org.apache.jasper.compiler.TldLocationsCache@253ab414')
Dec 17, 2015 2:32:22 PM org.apache.catalina.core.ApplicationContext log
INFO: SessionListener: contextDestroyed()
Dec 17, 2015 2:32:22 PM org.apache.catalina.core.ApplicationContext log
INFO: ContextListener: contextDestroyed()
